This file contains any messages produced by compilers while
running configure, to aid debugging if configure makes a mistake.

It was created by libressl configure 2.2.1, which was
generated by GNU Autoconf 2.69.  Invocation command line was

  $ /Users/nicolassalleron/Desktop/SDK_PARROT/out/arsdk-native/build/libressl/libressl-2.2.1/configure --prefix=/Users/nicolassalleron/Desktop/SDK_PARROT/out/arsdk-native/staging/usr --sysconfdir=/Users/nicolassalleron/Desktop/SDK_PARROT/out/arsdk-native/staging/etc ac_cv_prog_YACC= --disable-maintainer-mode --disable-nls --disable-gtk-doc --disable-gtk-doc-html --disable-doxygen-docs --disable-doc --disable-docs --disable-documentation --disable-option-checking --quiet --enable-silent-rules --enable-static --disable-shared

## --------- ##
## Platform. ##
## --------- ##

hostname = canalip308.canalip.upmc.fr
uname -m = x86_64
uname -r = 16.5.0
uname -s = Darwin
uname -v = Darwin Kernel Version 16.5.0: Fri Mar  3 16:52:33 PST 2017; root:xnu-3789.51.2~3/RELEASE_X86_64

/usr/bin/uname -p = i386
/bin/uname -X     = unknown

/bin/arch              = unknown
/usr/bin/arch -k       = unknown
/usr/convex/getsysinfo = unknown
/usr/bin/hostinfo      = Mach kernel version:
	 Darwin Kernel Version 16.5.0: Fri Mar  3 16:52:33 PST 2017; root:xnu-3789.51.2~3/RELEASE_X86_64
Kernel configured for up to 4 processors.
2 processors are physically available.
4 processors are logically available.
Processor type: x86_64h (Intel x86-64h Haswell)
Processors active: 0 1 2 3
Primary memory available: 8.00 gigabytes
Default processor set: 297 tasks, 1201 threads, 4 processors
Load average: 6.08, Mach factor: 0.49
/bin/machine           = unknown
/usr/bin/oslevel       = unknown
/bin/universe          = unknown

PATH: /Users/nicolassalleron/Desktop/SDK_PARROT/out/arsdk-native/staging-host/bin
PATH: /Users/nicolassalleron/Desktop/SDK_PARROT/out/arsdk-native/staging-host/usr/bin
PATH: /usr/local/bin
PATH: /usr/bin
PATH: /bin
PATH: /usr/sbin
PATH: /sbin
PATH: /opt/X11/bin
PATH: /Library/TeX/texbin
PATH: /Users/nicolassalleron/JavaEE/glassfish4/bin
PATH: /Users/nicolassalleron/hadoop-2.7.4/bin
PATH: /Users/nicolassalleron/hadoop-2.7.4/sbin
PATH: /Users/nicolassalleron/hbase-1.2.6/bin
PATH: /Users/nicolassalleron/spark-2.2.0-bin-hadoop2.7/bin
PATH: /Users/nicolassalleron/spark-2.2.0-bin-hadoop2.7/sbin
PATH: /usr/local/mysql-5.7.20-macos10.12-x86_64/bin/


## ----------- ##
## Core tests. ##
## ----------- ##

configure:2334: checking build system type
configure:2348: result: x86_64-apple-darwin16.5.0
configure:2368: checking host system type
configure:2381: result: x86_64-apple-darwin16.5.0
configure:2417: checking for a BSD-compatible install
configure:2485: result: /usr/bin/install -p
configure:2496: checking whether build environment is sane
configure:2551: result: yes
configure:2702: checking for a thread-safe mkdir -p
configure:2741: result: /usr/local/bin/gmkdir -p
configure:2748: checking for gawk
configure:2778: result: no
configure:2748: checking for mawk
configure:2778: result: no
configure:2748: checking for nawk
configure:2778: result: no
configure:2748: checking for awk
configure:2764: found /usr/bin/awk
configure:2775: result: awk
configure:2786: checking whether make sets $(MAKE)
configure:2808: result: yes
configure:2837: checking whether make supports nested variables
configure:2854: result: yes
configure:2982: checking whether to enable maintainer-specific portions of Makefiles
configure:2991: result: no
configure:3016: checking whether make supports nested variables
configure:3033: result: yes
configure:3096: checking for gcc
configure:3123: result:  /Library/Developer/CommandLineTools/usr/bin/clang
configure:3352: checking for C compiler version
configure:3361:  /Library/Developer/CommandLineTools/usr/bin/clang --version >&5
Apple LLVM version 8.1.0 (clang-802.0.42)
Target: x86_64-apple-darwin16.5.0
Thread model: posix
InstalledDir: /Library/Developer/CommandLineTools/usr/bin
configure:3372: $? = 0
configure:3361:  /Library/Developer/CommandLineTools/usr/bin/clang -v >&5
Apple LLVM version 8.1.0 (clang-802.0.42)
Target: x86_64-apple-darwin16.5.0
Thread model: posix
InstalledDir: /Library/Developer/CommandLineTools/usr/bin
configure:3372: $? = 0
configure:3361:  /Library/Developer/CommandLineTools/usr/bin/clang -V >&5
clang: error: argument to '-V' is missing (expected 1 value)
clang: error: no input files
configure:3372: $? = 1
configure:3361:  /Library/Developer/CommandLineTools/usr/bin/clang -qversion >&5
clang: error: unknown argument: '-qversion'
clang: error: no input files
configure:3372: $? = 1
configure:3392: checking whether the C compiler works
configure:3414:  /Library/Developer/CommandLineTools/usr/bin/clang -isystem/Users/nicolassalleron/Desktop/SDK_PARROT/out/arsdk-native/staging/usr/include/x86_64-apple-darwin -isystem/Users/nicolassalleron/Desktop/SDK_PARROT/out/arsdk-native/staging/usr/include -std=gnu99 -pipe -O2 -g -ffunction-sections -DALCHEMY_BUILD  -m64 -fPIC -msse -msse2 -mssse3 -arch x86_64 -mmacosx-version-min=10.10 -isysroot /Library/Developer/CommandLineTools/SDKs/MacOSX.sdk  -Qunused-arguments -isystem/Users/nicolassalleron/Desktop/SDK_PARROT/out/arsdk-native/staging/usr/include/x86_64-apple-darwin -isystem/Users/nicolassalleron/Desktop/SDK_PARROT/out/arsdk-native/staging/usr/include  -O2  -m64 -lc++ -arch x86_64 -mmacosx-version-min=10.10 -isysroot /Library/Developer/CommandLineTools/SDKs/MacOSX.sdk  -L/Users/nicolassalleron/Desktop/SDK_PARROT/out/arsdk-native/staging/lib/x86_64-apple-darwin -L/Users/nicolassalleron/Desktop/SDK_PARROT/out/arsdk-native/staging/lib -L/Users/nicolassalleron/Desktop/SDK_PARROT/out/arsdk-native/staging/usr/lib/x86_64-apple-darwin -L/Users/nicolassalleron/Desktop/SDK_PARROT/out/arsdk-native/staging/usr/lib  conftest.c  >&5
ld: warning: directory not found for option '-L/Users/nicolassalleron/Desktop/SDK_PARROT/out/arsdk-native/staging/lib/x86_64-apple-darwin'
ld: warning: directory not found for option '-L/Users/nicolassalleron/Desktop/SDK_PARROT/out/arsdk-native/staging/lib'
ld: warning: directory not found for option '-L/Users/nicolassalleron/Desktop/SDK_PARROT/out/arsdk-native/staging/usr/lib/x86_64-apple-darwin'
configure:3418: $? = 0
configure:3466: result: yes
configure:3469: checking for C compiler default output file name
configure:3471: result: a.out
configure:3477: checking for suffix of executables
configure:3484:  /Library/Developer/CommandLineTools/usr/bin/clang -o conftest -isystem/Users/nicolassalleron/Desktop/SDK_PARROT/out/arsdk-native/staging/usr/include/x86_64-apple-darwin -isystem/Users/nicolassalleron/Desktop/SDK_PARROT/out/arsdk-native/staging/usr/include -std=gnu99 -pipe -O2 -g -ffunction-sections -DALCHEMY_BUILD  -m64 -fPIC -msse -msse2 -mssse3 -arch x86_64 -mmacosx-version-min=10.10 -isysroot /Library/Developer/CommandLineTools/SDKs/MacOSX.sdk  -Qunused-arguments -isystem/Users/nicolassalleron/Desktop/SDK_PARROT/out/arsdk-native/staging/usr/include/x86_64-apple-darwin -isystem/Users/nicolassalleron/Desktop/SDK_PARROT/out/arsdk-native/staging/usr/include  -O2  -m64 -lc++ -arch x86_64 -mmacosx-version-min=10.10 -isysroot /Library/Developer/CommandLineTools/SDKs/MacOSX.sdk  -L/Users/nicolassalleron/Desktop/SDK_PARROT/out/arsdk-native/staging/lib/x86_64-apple-darwin -L/Users/nicolassalleron/Desktop/SDK_PARROT/out/arsdk-native/staging/lib -L/Users/nicolassalleron/Desktop/SDK_PARROT/out/arsdk-native/staging/usr/lib/x86_64-apple-darwin -L/Users/nicolassalleron/Desktop/SDK_PARROT/out/arsdk-native/staging/usr/lib  conftest.c  >&5
ld: warning: directory not found for option '-L/Users/nicolassalleron/Desktop/SDK_PARROT/out/arsdk-native/staging/lib/x86_64-apple-darwin'
ld: warning: directory not found for option '-L/Users/nicolassalleron/Desktop/SDK_PARROT/out/arsdk-native/staging/lib'
ld: warning: directory not found for option '-L/Users/nicolassalleron/Desktop/SDK_PARROT/out/arsdk-native/staging/usr/lib/x86_64-apple-darwin'
configure:3488: $? = 0
configure:3510: result: 
configure:3532: checking whether we are cross compiling
configure:3540:  /Library/Developer/CommandLineTools/usr/bin/clang -o conftest -isystem/Users/nicolassalleron/Desktop/SDK_PARROT/out/arsdk-native/staging/usr/include/x86_64-apple-darwin -isystem/Users/nicolassalleron/Desktop/SDK_PARROT/out/arsdk-native/staging/usr/include -std=gnu99 -pipe -O2 -g -ffunction-sections -DALCHEMY_BUILD  -m64 -fPIC -msse -msse2 -mssse3 -arch x86_64 -mmacosx-version-min=10.10 -isysroot /Library/Developer/CommandLineTools/SDKs/MacOSX.sdk  -Qunused-arguments -isystem/Users/nicolassalleron/Desktop/SDK_PARROT/out/arsdk-native/staging/usr/include/x86_64-apple-darwin -isystem/Users/nicolassalleron/Desktop/SDK_PARROT/out/arsdk-native/staging/usr/include  -O2  -m64 -lc++ -arch x86_64 -mmacosx-version-min=10.10 -isysroot /Library/Developer/CommandLineTools/SDKs/MacOSX.sdk  -L/Users/nicolassalleron/Desktop/SDK_PARROT/out/arsdk-native/staging/lib/x86_64-apple-darwin -L/Users/nicolassalleron/Desktop/SDK_PARROT/out/arsdk-native/staging/lib -L/Users/nicolassalleron/Desktop/SDK_PARROT/out/arsdk-native/staging/usr/lib/x86_64-apple-darwin -L/Users/nicolassalleron/Desktop/SDK_PARROT/out/arsdk-native/staging/usr/lib  conftest.c  >&5
ld: warning: directory not found for option '-L/Users/nicolassalleron/Desktop/SDK_PARROT/out/arsdk-native/staging/lib/x86_64-apple-darwin'
ld: warning: directory not found for option '-L/Users/nicolassalleron/Desktop/SDK_PARROT/out/arsdk-native/staging/lib'
ld: warning: directory not found for option '-L/Users/nicolassalleron/Desktop/SDK_PARROT/out/arsdk-native/staging/usr/lib/x86_64-apple-darwin'
configure:3544: $? = 0
configure:3551: ./conftest
configure:3555: $? = 0
configure:3570: result: no
configure:3575: checking for suffix of object files
configure:3597:  /Library/Developer/CommandLineTools/usr/bin/clang -c -isystem/Users/nicolassalleron/Desktop/SDK_PARROT/out/arsdk-native/staging/usr/include/x86_64-apple-darwin -isystem/Users/nicolassalleron/Desktop/SDK_PARROT/out/arsdk-native/staging/usr/include -std=gnu99 -pipe -O2 -g -ffunction-sections -DALCHEMY_BUILD  -m64 -fPIC -msse -msse2 -mssse3 -arch x86_64 -mmacosx-version-min=10.10 -isysroot /Library/Developer/CommandLineTools/SDKs/MacOSX.sdk  -Qunused-arguments -isystem/Users/nicolassalleron/Desktop/SDK_PARROT/out/arsdk-native/staging/usr/include/x86_64-apple-darwin -isystem/Users/nicolassalleron/Desktop/SDK_PARROT/out/arsdk-native/staging/usr/include conftest.c >&5
configure:3601: $? = 0
configure:3622: result: o
configure:3626: checking whether we are using the GNU C compiler
configure:3645:  /Library/Developer/CommandLineTools/usr/bin/clang -c -isystem/Users/nicolassalleron/Desktop/SDK_PARROT/out/arsdk-native/staging/usr/include/x86_64-apple-darwin -isystem/Users/nicolassalleron/Desktop/SDK_PARROT/out/arsdk-native/staging/usr/include -std=gnu99 -pipe -O2 -g -ffunction-sections -DALCHEMY_BUILD  -m64 -fPIC -msse -msse2 -mssse3 -arch x86_64 -mmacosx-version-min=10.10 -isysroot /Library/Developer/CommandLineTools/SDKs/MacOSX.sdk  -Qunused-arguments -isystem/Users/nicolassalleron/Desktop/SDK_PARROT/out/arsdk-native/staging/usr/include/x86_64-apple-darwin -isystem/Users/nicolassalleron/Desktop/SDK_PARROT/out/arsdk-native/staging/usr/include conftest.c >&5
configure:3645: $? = 0
configure:3654: result: yes
configure:3663: checking whether  /Library/Developer/CommandLineTools/usr/bin/clang accepts -g
configure:3683:  /Library/Developer/CommandLineTools/usr/bin/clang -c -g -isystem/Users/nicolassalleron/Desktop/SDK_PARROT/out/arsdk-native/staging/usr/include/x86_64-apple-darwin -isystem/Users/nicolassalleron/Desktop/SDK_PARROT/out/arsdk-native/staging/usr/include conftest.c >&5
configure:3683: $? = 0
configure:3724: result: yes
configure:3741: checking for  /Library/Developer/CommandLineTools/usr/bin/clang option to accept ISO C89
configure:3804:  /Library/Developer/CommandLineTools/usr/bin/clang  -c -isystem/Users/nicolassalleron/Desktop/SDK_PARROT/out/arsdk-native/staging/usr/include/x86_64-apple-darwin -isystem/Users/nicolassalleron/Desktop/SDK_PARROT/out/arsdk-native/staging/usr/include -std=gnu99 -pipe -O2 -g -ffunction-sections -DALCHEMY_BUILD  -m64 -fPIC -msse -msse2 -mssse3 -arch x86_64 -mmacosx-version-min=10.10 -isysroot /Library/Developer/CommandLineTools/SDKs/MacOSX.sdk  -Qunused-arguments -isystem/Users/nicolassalleron/Desktop/SDK_PARROT/out/arsdk-native/staging/usr/include/x86_64-apple-darwin -isystem/Users/nicolassalleron/Desktop/SDK_PARROT/out/arsdk-native/staging/usr/include conftest.c >&5
configure:3804: $? = 0
configure:3817: result: none needed
configure:3842: checking whether  /Library/Developer/CommandLineTools/usr/bin/clang understands -c and -o together
configure:3864:  /Library/Developer/CommandLineTools/usr/bin/clang -c conftest.c -o conftest2.o
configure:3867: $? = 0
configure:3864:  /Library/Developer/CommandLineTools/usr/bin/clang -c conftest.c -o conftest2.o
configure:3867: $? = 0
configure:3879: result: yes
configure:3907: checking for style of include used by make
configure:3935: result: GNU
configure:3961: checking dependency style of  /Library/Developer/CommandLineTools/usr/bin/clang
configure:4072: result: gcc3
configure:4091: checking for  /Library/Developer/CommandLineTools/usr/bin/clang option to accept ISO C99
configure:4240:  /Library/Developer/CommandLineTools/usr/bin/clang  -c -isystem/Users/nicolassalleron/Desktop/SDK_PARROT/out/arsdk-native/staging/usr/include/x86_64-apple-darwin -isystem/Users/nicolassalleron/Desktop/SDK_PARROT/out/arsdk-native/staging/usr/include -std=gnu99 -pipe -O2 -g -ffunction-sections -DALCHEMY_BUILD  -m64 -fPIC -msse -msse2 -mssse3 -arch x86_64 -mmacosx-version-min=10.10 -isysroot /Library/Developer/CommandLineTools/SDKs/MacOSX.sdk  -Qunused-arguments -isystem/Users/nicolassalleron/Desktop/SDK_PARROT/out/arsdk-native/staging/usr/include/x86_64-apple-darwin -isystem/Users/nicolassalleron/Desktop/SDK_PARROT/out/arsdk-native/staging/usr/include conftest.c >&5
configure:4240: $? = 0
configure:4253: result: none needed
configure:4361: checking for  /Library/Developer/CommandLineTools/usr/bin/clang option to accept ISO Standard C
configure:4372: result: none needed
configure:4426: checking how to print strings
configure:4453: result: printf
configure:4474: checking for a sed that does not truncate output
configure:4538: result: /usr/local/bin/gsed
configure:4556: checking for grep that handles long lines and -e
configure:4614: result: /usr/bin/grep
configure:4619: checking for egrep
configure:4681: result: /usr/bin/grep -E
configure:4686: checking for fgrep
configure:4748: result: /usr/bin/grep -F
configure:4783: checking for ld used by  /Library/Developer/CommandLineTools/usr/bin/clang
configure:4850: result: /Library/Developer/CommandLineTools/usr/bin/ld
configure:4857: checking if the linker (/Library/Developer/CommandLineTools/usr/bin/ld) is GNU ld
configure:4872: result: no
configure:4884: checking for BSD- or MS-compatible name lister (nm)
configure:4933: result: /Library/Developer/CommandLineTools/usr/bin/nm
configure:5063: checking the name lister (/Library/Developer/CommandLineTools/usr/bin/nm) interface
configure:5070:  /Library/Developer/CommandLineTools/usr/bin/clang -c -isystem/Users/nicolassalleron/Desktop/SDK_PARROT/out/arsdk-native/staging/usr/include/x86_64-apple-darwin -isystem/Users/nicolassalleron/Desktop/SDK_PARROT/out/arsdk-native/staging/usr/include -std=gnu99 -pipe -O2 -g -ffunction-sections -DALCHEMY_BUILD  -m64 -fPIC -msse -msse2 -mssse3 -arch x86_64 -mmacosx-version-min=10.10 -isysroot /Library/Developer/CommandLineTools/SDKs/MacOSX.sdk  -Qunused-arguments -isystem/Users/nicolassalleron/Desktop/SDK_PARROT/out/arsdk-native/staging/usr/include/x86_64-apple-darwin -isystem/Users/nicolassalleron/Desktop/SDK_PARROT/out/arsdk-native/staging/usr/include conftest.c >&5
configure:5073: /Library/Developer/CommandLineTools/usr/bin/nm "conftest.o"
configure:5076: output
0000000000000228 S _some_variable
configure:5083: result: BSD nm
configure:5086: checking whether ln -s works
configure:5090: result: yes
configure:5098: checking the maximum length of command line arguments
configure:5228: result: 196608
configure:5245: checking whether the shell understands some XSI constructs
configure:5255: result: yes
configure:5259: checking whether the shell understands "+="
configure:5265: result: yes
configure:5300: checking how to convert x86_64-apple-darwin16.5.0 file names to x86_64-apple-darwin16.5.0 format
configure:5340: result: func_convert_file_noop
configure:5347: checking how to convert x86_64-apple-darwin16.5.0 file names to toolchain format
configure:5367: result: func_convert_file_noop
configure:5374: checking for /Library/Developer/CommandLineTools/usr/bin/ld option to reload object files
configure:5381: result: -r
configure:5455: checking for objdump
configure:5482: result: objdump
configure:5514: checking how to recognize dependent libraries
configure:5716: result: pass_all
configure:5801: checking for dlltool
configure:5831: result: no
configure:5861: checking how to associate runtime and link libraries
configure:5888: result: printf %s\n
configure:6013: checking for archiver @FILE support
configure:6030:  /Library/Developer/CommandLineTools/usr/bin/clang -c -isystem/Users/nicolassalleron/Desktop/SDK_PARROT/out/arsdk-native/staging/usr/include/x86_64-apple-darwin -isystem/Users/nicolassalleron/Desktop/SDK_PARROT/out/arsdk-native/staging/usr/include -std=gnu99 -pipe -O2 -g -ffunction-sections -DALCHEMY_BUILD  -m64 -fPIC -msse -msse2 -mssse3 -arch x86_64 -mmacosx-version-min=10.10 -isysroot /Library/Developer/CommandLineTools/SDKs/MacOSX.sdk  -Qunused-arguments -isystem/Users/nicolassalleron/Desktop/SDK_PARROT/out/arsdk-native/staging/usr/include/x86_64-apple-darwin -isystem/Users/nicolassalleron/Desktop/SDK_PARROT/out/arsdk-native/staging/usr/include conftest.c >&5
configure:6030: $? = 0
configure:6033: /Users/nicolassalleron/Desktop/SDK_PARROT/build/alchemy/scripts/darwin-ar /Library/Developer/CommandLineTools/usr/bin/ar cru libconftest.a @conftest.lst >&5
fatal error: /Library/Developer/CommandLineTools/usr/bin/lipo: can't open input file: @conftest.lst (No such file or directory)
ar: @conftest.lst: No such file or directory
configure:6036: $? = 1
configure:6056: result: no
configure:6114: checking for strip
configure:6141: result: /Library/Developer/CommandLineTools/usr/bin/strip
configure:6213: checking for ranlib
configure:6240: result: /Library/Developer/CommandLineTools/usr/bin/ranlib
configure:6342: checking command to parse /Library/Developer/CommandLineTools/usr/bin/nm output from  /Library/Developer/CommandLineTools/usr/bin/clang object
configure:6462:  /Library/Developer/CommandLineTools/usr/bin/clang -c -isystem/Users/nicolassalleron/Desktop/SDK_PARROT/out/arsdk-native/staging/usr/include/x86_64-apple-darwin -isystem/Users/nicolassalleron/Desktop/SDK_PARROT/out/arsdk-native/staging/usr/include -std=gnu99 -pipe -O2 -g -ffunction-sections -DALCHEMY_BUILD  -m64 -fPIC -msse -msse2 -mssse3 -arch x86_64 -mmacosx-version-min=10.10 -isysroot /Library/Developer/CommandLineTools/SDKs/MacOSX.sdk  -Qunused-arguments -isystem/Users/nicolassalleron/Desktop/SDK_PARROT/out/arsdk-native/staging/usr/include/x86_64-apple-darwin -isystem/Users/nicolassalleron/Desktop/SDK_PARROT/out/arsdk-native/staging/usr/include conftest.c >&5
configure:6465: $? = 0
configure:6469: /Library/Developer/CommandLineTools/usr/bin/nm conftest.o \| sed -n -e 's/^.*[ ]\([BCDEGRST][BCDEGRST]*\)[ ][ ]*\([_A-Za-z][_A-Za-z0-9]*\)$/\1 \2 \2/p' | sed '/ __gnu_lto/d' \> conftest.nm
configure:6472: $? = 0
cannot find nm_test_var in conftest.nm
configure:6462:  /Library/Developer/CommandLineTools/usr/bin/clang -c -isystem/Users/nicolassalleron/Desktop/SDK_PARROT/out/arsdk-native/staging/usr/include/x86_64-apple-darwin -isystem/Users/nicolassalleron/Desktop/SDK_PARROT/out/arsdk-native/staging/usr/include -std=gnu99 -pipe -O2 -g -ffunction-sections -DALCHEMY_BUILD  -m64 -fPIC -msse -msse2 -mssse3 -arch x86_64 -mmacosx-version-min=10.10 -isysroot /Library/Developer/CommandLineTools/SDKs/MacOSX.sdk  -Qunused-arguments -isystem/Users/nicolassalleron/Desktop/SDK_PARROT/out/arsdk-native/staging/usr/include/x86_64-apple-darwin -isystem/Users/nicolassalleron/Desktop/SDK_PARROT/out/arsdk-native/staging/usr/include conftest.c >&5
configure:6465: $? = 0
configure:6469: /Library/Developer/CommandLineTools/usr/bin/nm conftest.o \| sed -n -e 's/^.*[ ]\([BCDEGRST][BCDEGRST]*\)[ ][ ]*_\([_A-Za-z][_A-Za-z0-9]*\)$/\1 _\2 \2/p' | sed '/ __gnu_lto/d' \> conftest.nm
configure:6472: $? = 0
configure:6538:  /Library/Developer/CommandLineTools/usr/bin/clang -o conftest -isystem/Users/nicolassalleron/Desktop/SDK_PARROT/out/arsdk-native/staging/usr/include/x86_64-apple-darwin -isystem/Users/nicolassalleron/Desktop/SDK_PARROT/out/arsdk-native/staging/usr/include -std=gnu99 -pipe -O2 -g -ffunction-sections -DALCHEMY_BUILD  -m64 -fPIC -msse -msse2 -mssse3 -arch x86_64 -mmacosx-version-min=10.10 -isysroot /Library/Developer/CommandLineTools/SDKs/MacOSX.sdk  -Qunused-arguments -isystem/Users/nicolassalleron/Desktop/SDK_PARROT/out/arsdk-native/staging/usr/include/x86_64-apple-darwin -isystem/Users/nicolassalleron/Desktop/SDK_PARROT/out/arsdk-native/staging/usr/include  -O2  -m64 -lc++ -arch x86_64 -mmacosx-version-min=10.10 -isysroot /Library/Developer/CommandLineTools/SDKs/MacOSX.sdk  -L/Users/nicolassalleron/Desktop/SDK_PARROT/out/arsdk-native/staging/lib/x86_64-apple-darwin -L/Users/nicolassalleron/Desktop/SDK_PARROT/out/arsdk-native/staging/lib -L/Users/nicolassalleron/Desktop/SDK_PARROT/out/arsdk-native/staging/usr/lib/x86_64-apple-darwin -L/Users/nicolassalleron/Desktop/SDK_PARROT/out/arsdk-native/staging/usr/lib  conftest.c conftstm.o >&5
ld: warning: directory not found for option '-L/Users/nicolassalleron/Desktop/SDK_PARROT/out/arsdk-native/staging/lib/x86_64-apple-darwin'
ld: warning: directory not found for option '-L/Users/nicolassalleron/Desktop/SDK_PARROT/out/arsdk-native/staging/lib'
ld: warning: directory not found for option '-L/Users/nicolassalleron/Desktop/SDK_PARROT/out/arsdk-native/staging/usr/lib/x86_64-apple-darwin'
warning: (x86_64)  could not find object file symbol for symbol _main
configure:6541: $? = 0
configure:6579: result: ok
configure:6616: checking for sysroot
configure:6646: result: no
configure:6902: checking for mt
configure:6929: result: :
configure:6952: checking if : is a manifest tool
configure:6958: : '-?'
configure:6966: result: no
configure:7022: checking for dsymutil
configure:7038: found /usr/bin/dsymutil
configure:7049: result: dsymutil
configure:7114: checking for nmedit
configure:7130: found /usr/bin/nmedit
configure:7141: result: nmedit
configure:7206: checking for lipo
configure:7222: found /usr/bin/lipo
configure:7233: result: lipo
configure:7298: checking for otool
configure:7314: found /usr/bin/otool
configure:7325: result: otool
configure:7390: checking for otool64
configure:7420: result: no
configure:7465: checking for -single_module linker flag
 /Library/Developer/CommandLineTools/usr/bin/clang -isystem/Users/nicolassalleron/Desktop/SDK_PARROT/out/arsdk-native/staging/usr/include/x86_64-apple-darwin -isystem/Users/nicolassalleron/Desktop/SDK_PARROT/out/arsdk-native/staging/usr/include -std=gnu99 -pipe -O2 -g -ffunction-sections -DALCHEMY_BUILD  -m64 -fPIC -msse -msse2 -mssse3 -arch x86_64 -mmacosx-version-min=10.10 -isysroot /Library/Developer/CommandLineTools/SDKs/MacOSX.sdk  -Qunused-arguments  -O2  -m64 -lc++ -arch x86_64 -mmacosx-version-min=10.10 -isysroot /Library/Developer/CommandLineTools/SDKs/MacOSX.sdk  -L/Users/nicolassalleron/Desktop/SDK_PARROT/out/arsdk-native/staging/lib/x86_64-apple-darwin -L/Users/nicolassalleron/Desktop/SDK_PARROT/out/arsdk-native/staging/lib -L/Users/nicolassalleron/Desktop/SDK_PARROT/out/arsdk-native/staging/usr/lib/x86_64-apple-darwin -L/Users/nicolassalleron/Desktop/SDK_PARROT/out/arsdk-native/staging/usr/lib  -o libconftest.dylib -dynamiclib -Wl,-single_module conftest.c
configure:7498: result: yes
configure:7501: checking for -exported_symbols_list linker flag
configure:7521:  /Library/Developer/CommandLineTools/usr/bin/clang -o conftest -isystem/Users/nicolassalleron/Desktop/SDK_PARROT/out/arsdk-native/staging/usr/include/x86_64-apple-darwin -isystem/Users/nicolassalleron/Desktop/SDK_PARROT/out/arsdk-native/staging/usr/include -std=gnu99 -pipe -O2 -g -ffunction-sections -DALCHEMY_BUILD  -m64 -fPIC -msse -msse2 -mssse3 -arch x86_64 -mmacosx-version-min=10.10 -isysroot /Library/Developer/CommandLineTools/SDKs/MacOSX.sdk  -Qunused-arguments -isystem/Users/nicolassalleron/Desktop/SDK_PARROT/out/arsdk-native/staging/usr/include/x86_64-apple-darwin -isystem/Users/nicolassalleron/Desktop/SDK_PARROT/out/arsdk-native/staging/usr/include  -O2  -m64 -lc++ -arch x86_64 -mmacosx-version-min=10.10 -isysroot /Library/Developer/CommandLineTools/SDKs/MacOSX.sdk  -L/Users/nicolassalleron/Desktop/SDK_PARROT/out/arsdk-native/staging/lib/x86_64-apple-darwin -L/Users/nicolassalleron/Desktop/SDK_PARROT/out/arsdk-native/staging/lib -L/Users/nicolassalleron/Desktop/SDK_PARROT/out/arsdk-native/staging/usr/lib/x86_64-apple-darwin -L/Users/nicolassalleron/Desktop/SDK_PARROT/out/arsdk-native/staging/usr/lib  -Wl,-exported_symbols_list,conftest.sym conftest.c  >&5
ld: warning: directory not found for option '-L/Users/nicolassalleron/Desktop/SDK_PARROT/out/arsdk-native/staging/lib/x86_64-apple-darwin'
ld: warning: directory not found for option '-L/Users/nicolassalleron/Desktop/SDK_PARROT/out/arsdk-native/staging/lib'
ld: warning: directory not found for option '-L/Users/nicolassalleron/Desktop/SDK_PARROT/out/arsdk-native/staging/usr/lib/x86_64-apple-darwin'
configure:7521: $? = 0
configure:7531: result: yes
configure:7534: checking for -force_load linker flag
 /Library/Developer/CommandLineTools/usr/bin/clang -isystem/Users/nicolassalleron/Desktop/SDK_PARROT/out/arsdk-native/staging/usr/include/x86_64-apple-darwin -isystem/Users/nicolassalleron/Desktop/SDK_PARROT/out/arsdk-native/staging/usr/include -std=gnu99 -pipe -O2 -g -ffunction-sections -DALCHEMY_BUILD  -m64 -fPIC -msse -msse2 -mssse3 -arch x86_64 -mmacosx-version-min=10.10 -isysroot /Library/Developer/CommandLineTools/SDKs/MacOSX.sdk  -Qunused-arguments -c -o conftest.o conftest.c
/Users/nicolassalleron/Desktop/SDK_PARROT/build/alchemy/scripts/darwin-ar /Library/Developer/CommandLineTools/usr/bin/ar cru libconftest.a conftest.o
/Library/Developer/CommandLineTools/usr/bin/ranlib libconftest.a
 /Library/Developer/CommandLineTools/usr/bin/clang -isystem/Users/nicolassalleron/Desktop/SDK_PARROT/out/arsdk-native/staging/usr/include/x86_64-apple-darwin -isystem/Users/nicolassalleron/Desktop/SDK_PARROT/out/arsdk-native/staging/usr/include -std=gnu99 -pipe -O2 -g -ffunction-sections -DALCHEMY_BUILD  -m64 -fPIC -msse -msse2 -mssse3 -arch x86_64 -mmacosx-version-min=10.10 -isysroot /Library/Developer/CommandLineTools/SDKs/MacOSX.sdk  -Qunused-arguments  -O2  -m64 -lc++ -arch x86_64 -mmacosx-version-min=10.10 -isysroot /Library/Developer/CommandLineTools/SDKs/MacOSX.sdk  -L/Users/nicolassalleron/Desktop/SDK_PARROT/out/arsdk-native/staging/lib/x86_64-apple-darwin -L/Users/nicolassalleron/Desktop/SDK_PARROT/out/arsdk-native/staging/lib -L/Users/nicolassalleron/Desktop/SDK_PARROT/out/arsdk-native/staging/usr/lib/x86_64-apple-darwin -L/Users/nicolassalleron/Desktop/SDK_PARROT/out/arsdk-native/staging/usr/lib  -o conftest conftest.c -Wl,-force_load,./libconftest.a
configure:7566: result: yes
configure:7608: checking how to run the C preprocessor
configure:7678: result: /Library/Developer/CommandLineTools/usr/bin/cpp
configure:7698: /Library/Developer/CommandLineTools/usr/bin/cpp -isystem/Users/nicolassalleron/Desktop/SDK_PARROT/out/arsdk-native/staging/usr/include/x86_64-apple-darwin -isystem/Users/nicolassalleron/Desktop/SDK_PARROT/out/arsdk-native/staging/usr/include conftest.c
configure:7698: $? = 0
configure:7712: /Library/Developer/CommandLineTools/usr/bin/cpp -isystem/Users/nicolassalleron/Desktop/SDK_PARROT/out/arsdk-native/staging/usr/include/x86_64-apple-darwin -isystem/Users/nicolassalleron/Desktop/SDK_PARROT/out/arsdk-native/staging/usr/include conftest.c
conftest.c:11:10: fatal error: 'ac_nonexistent.h' file not found
#include <ac_nonexistent.h>
         ^
1 error generated.
configure:7712: $? = 1
configure: failed program was:
| /* confdefs.h */
| #define PACKAGE_NAME "libressl"
| #define PACKAGE_TARNAME "libressl"
| #define PACKAGE_VERSION "2.2.1"
| #define PACKAGE_STRING "libressl 2.2.1"
| #define PACKAGE_BUGREPORT ""
| #define PACKAGE_URL ""
| #define PACKAGE "libressl"
| #define VERSION "2.2.1"
| /* end confdefs.h.  */
| #include <ac_nonexistent.h>
configure:7741: checking for ANSI C header files
configure:7761:  /Library/Developer/CommandLineTools/usr/bin/clang -c -isystem/Users/nicolassalleron/Desktop/SDK_PARROT/out/arsdk-native/staging/usr/include/x86_64-apple-darwin -isystem/Users/nicolassalleron/Desktop/SDK_PARROT/out/arsdk-native/staging/usr/include -std=gnu99 -pipe -O2 -g -ffunction-sections -DALCHEMY_BUILD  -m64 -fPIC -msse -msse2 -mssse3 -arch x86_64 -mmacosx-version-min=10.10 -isysroot /Library/Developer/CommandLineTools/SDKs/MacOSX.sdk  -Qunused-arguments -isystem/Users/nicolassalleron/Desktop/SDK_PARROT/out/arsdk-native/staging/usr/include/x86_64-apple-darwin -isystem/Users/nicolassalleron/Desktop/SDK_PARROT/out/arsdk-native/staging/usr/include conftest.c >&5
configure:7761: $? = 0
In file included from conftest.c:11:
In file included from /usr/include/string.h:63:
In file included from /usr/include/Availability.h:190:
/usr/include/AvailabilityInternal.h:22938:10: error: unterminated conditional directive
        #if __MAC_OS_X_VERSION_MIN_REQUIRED >= __MAC_10_12
         ^
/usr/include/AvailabilityInternal.h:22867:10: error: unterminated conditional directive
        #if __MAC_OS_X_VERSION_MIN_REQUIRED >= __MAC_10_11_4
         ^
/usr/include/AvailabilityInternal.h:22800:10: error: unterminated conditional directive
        #if __MAC_OS_X_VERSION_MIN_REQUIRED >= __MAC_10_11_3
         ^
/usr/include/AvailabilityInternal.h:22737:10: error: unterminated conditional directive
        #if __MAC_OS_X_VERSION_MIN_REQUIRED >= __MAC_10_11_2
         ^
/usr/include/AvailabilityInternal.h:22678:10: error: unterminated conditional directive
        #if __MAC_OS_X_VERSION_MIN_REQUIRED >= __MAC_10_11
         ^
/usr/include/AvailabilityInternal.h:22623:10: error: unterminated conditional directive
        #if __MAC_OS_X_VERSION_MIN_REQUIRED >= __MAC_10_10_3
         ^
/usr/include/AvailabilityInternal.h:22572:10: error: unterminated conditional directive
        #if __MAC_OS_X_VERSION_MIN_REQUIRED >= __MAC_10_10_2
         ^
/usr/include/AvailabilityInternal.h:22525:10: error: unterminated conditional directive
        #if __MAC_OS_X_VERSION_MIN_REQUIRED >= __MAC_10_10
         ^
/usr/include/AvailabilityInternal.h:22482:10: error: unterminated conditional directive
        #if __MAC_OS_X_VERSION_MIN_REQUIRED >= __MAC_10_9
         ^
/usr/include/AvailabilityInternal.h:22443:10: error: unterminated conditional directive
        #if __MAC_OS_X_VERSION_MIN_REQUIRED >= __MAC_10_8
         ^
/usr/include/AvailabilityInternal.h:22408:10: error: unterminated conditional directive
        #if __MAC_OS_X_VERSION_MIN_REQUIRED >= __MAC_10_7
         ^
/usr/include/AvailabilityInternal.h:22377:10: error: unterminated conditional directive
        #if __MAC_OS_X_VERSION_MIN_REQUIRED >= __MAC_10_6
         ^
/usr/include/AvailabilityInternal.h:22350:10: error: unterminated conditional directive
        #if __MAC_OS_X_VERSION_MIN_REQUIRED >= __MAC_10_5
         ^
/usr/include/AvailabilityInternal.h:22327:10: error: unterminated conditional directive
        #if __MAC_OS_X_VERSION_MIN_REQUIRED >= __MAC_10_4
         ^
/usr/include/AvailabilityInternal.h:22308:10: error: unterminated conditional directive
        #if __MAC_OS_X_VERSION_MIN_REQUIRED >= __MAC_10_3
         ^
/usr/include/AvailabilityInternal.h:22293:10: error: unterminated conditional directive
        #if __MAC_OS_X_VERSION_MIN_REQUIRED >= __MAC_10_2
         ^
/usr/include/AvailabilityInternal.h:22282:10: error: unterminated conditional directive
        #if __MAC_OS_X_VERSION_MIN_REQUIRED >= __MAC_10_1
         ^
/usr/include/AvailabilityInternal.h:30:2: error: unterminated conditional directive
#ifndef __AVAILABILITY_INTERNAL__
 ^
In file included from conftest.c:11:
In file included from /usr/include/string.h:63:
/usr/include/Availability.h:239:2: error: #else without #if
#else
 ^
fatal error: too many errors emitted, stopping now [-ferror-limit=]
20 errors generated.
In file included from conftest.c:11:
In file included from /usr/include/stdlib.h:61:
In file included from /usr/include/Availability.h:190:
/usr/include/AvailabilityInternal.h:22938:10: error: unterminated conditional directive
        #if __MAC_OS_X_VERSION_MIN_REQUIRED >= __MAC_10_12
         ^
/usr/include/AvailabilityInternal.h:22867:10: error: unterminated conditional directive
        #if __MAC_OS_X_VERSION_MIN_REQUIRED >= __MAC_10_11_4
         ^
/usr/include/AvailabilityInternal.h:22800:10: error: unterminated conditional directive
        #if __MAC_OS_X_VERSION_MIN_REQUIRED >= __MAC_10_11_3
         ^
/usr/include/AvailabilityInternal.h:22737:10: error: unterminated conditional directive
        #if __MAC_OS_X_VERSION_MIN_REQUIRED >= __MAC_10_11_2
         ^
/usr/include/AvailabilityInternal.h:22678:10: error: unterminated conditional directive
        #if __MAC_OS_X_VERSION_MIN_REQUIRED >= __MAC_10_11
         ^
/usr/include/AvailabilityInternal.h:22623:10: error: unterminated conditional directive
        #if __MAC_OS_X_VERSION_MIN_REQUIRED >= __MAC_10_10_3
         ^
/usr/include/AvailabilityInternal.h:22572:10: error: unterminated conditional directive
        #if __MAC_OS_X_VERSION_MIN_REQUIRED >= __MAC_10_10_2
         ^
/usr/include/AvailabilityInternal.h:22525:10: error: unterminated conditional directive
        #if __MAC_OS_X_VERSION_MIN_REQUIRED >= __MAC_10_10
         ^
/usr/include/AvailabilityInternal.h:22482:10: error: unterminated conditional directive
        #if __MAC_OS_X_VERSION_MIN_REQUIRED >= __MAC_10_9
         ^
/usr/include/AvailabilityInternal.h:22443:10: error: unterminated conditional directive
        #if __MAC_OS_X_VERSION_MIN_REQUIRED >= __MAC_10_8
         ^
/usr/include/AvailabilityInternal.h:22408:10: error: unterminated conditional directive
        #if __MAC_OS_X_VERSION_MIN_REQUIRED >= __MAC_10_7
         ^
/usr/include/AvailabilityInternal.h:22377:10: error: unterminated conditional directive
        #if __MAC_OS_X_VERSION_MIN_REQUIRED >= __MAC_10_6
         ^
/usr/include/AvailabilityInternal.h:22350:10: error: unterminated conditional directive
        #if __MAC_OS_X_VERSION_MIN_REQUIRED >= __MAC_10_5
         ^
/usr/include/AvailabilityInternal.h:22327:10: error: unterminated conditional directive
        #if __MAC_OS_X_VERSION_MIN_REQUIRED >= __MAC_10_4
         ^
/usr/include/AvailabilityInternal.h:22308:10: error: unterminated conditional directive
        #if __MAC_OS_X_VERSION_MIN_REQUIRED >= __MAC_10_3
         ^
/usr/include/AvailabilityInternal.h:22293:10: error: unterminated conditional directive
        #if __MAC_OS_X_VERSION_MIN_REQUIRED >= __MAC_10_2
         ^
/usr/include/AvailabilityInternal.h:22282:10: error: unterminated conditional directive
        #if __MAC_OS_X_VERSION_MIN_REQUIRED >= __MAC_10_1
         ^
/usr/include/AvailabilityInternal.h:30:2: error: unterminated conditional directive
#ifndef __AVAILABILITY_INTERNAL__
 ^
In file included from conftest.c:11:
In file included from /usr/include/stdlib.h:61:
/usr/include/Availability.h:239:2: error: #else without #if
#else
 ^
fatal error: too many errors emitted, stopping now [-ferror-limit=]
20 errors generated.
configure:7834:  /Library/Developer/CommandLineTools/usr/bin/clang -o conftest -isystem/Users/nicolassalleron/Desktop/SDK_PARROT/out/arsdk-native/staging/usr/include/x86_64-apple-darwin -isystem/Users/nicolassalleron/Desktop/SDK_PARROT/out/arsdk-native/staging/usr/include -std=gnu99 -pipe -O2 -g -ffunction-sections -DALCHEMY_BUILD  -m64 -fPIC -msse -msse2 -mssse3 -arch x86_64 -mmacosx-version-min=10.10 -isysroot /Library/Developer/CommandLineTools/SDKs/MacOSX.sdk  -Qunused-arguments -isystem/Users/nicolassalleron/Desktop/SDK_PARROT/out/arsdk-native/staging/usr/include/x86_64-apple-darwin -isystem/Users/nicolassalleron/Desktop/SDK_PARROT/out/arsdk-native/staging/usr/include  -O2  -m64 -lc++ -arch x86_64 -mmacosx-version-min=10.10 -isysroot /Library/Developer/CommandLineTools/SDKs/MacOSX.sdk  -L/Users/nicolassalleron/Desktop/SDK_PARROT/out/arsdk-native/staging/lib/x86_64-apple-darwin -L/Users/nicolassalleron/Desktop/SDK_PARROT/out/arsdk-native/staging/lib -L/Users/nicolassalleron/Desktop/SDK_PARROT/out/arsdk-native/staging/usr/lib/x86_64-apple-darwin -L/Users/nicolassalleron/Desktop/SDK_PARROT/out/arsdk-native/staging/usr/lib  conftest.c  >&5
ld: warning: directory not found for option '-L/Users/nicolassalleron/Desktop/SDK_PARROT/out/arsdk-native/staging/lib/x86_64-apple-darwin'
ld: warning: directory not found for option '-L/Users/nicolassalleron/Desktop/SDK_PARROT/out/arsdk-native/staging/lib'
ld: warning: directory not found for option '-L/Users/nicolassalleron/Desktop/SDK_PARROT/out/arsdk-native/staging/usr/lib/x86_64-apple-darwin'
configure:7834: $? = 0
configure:7834: ./conftest
configure:7834: $? = 0
configure:7845: result: yes
configure:7858: checking for sys/types.h
configure:7858:  /Library/Developer/CommandLineTools/usr/bin/clang -c -isystem/Users/nicolassalleron/Desktop/SDK_PARROT/out/arsdk-native/staging/usr/include/x86_64-apple-darwin -isystem/Users/nicolassalleron/Desktop/SDK_PARROT/out/arsdk-native/staging/usr/include -std=gnu99 -pipe -O2 -g -ffunction-sections -DALCHEMY_BUILD  -m64 -fPIC -msse -msse2 -mssse3 -arch x86_64 -mmacosx-version-min=10.10 -isysroot /Library/Developer/CommandLineTools/SDKs/MacOSX.sdk  -Qunused-arguments -isystem/Users/nicolassalleron/Desktop/SDK_PARROT/out/arsdk-native/staging/usr/include/x86_64-apple-darwin -isystem/Users/nicolassalleron/Desktop/SDK_PARROT/out/arsdk-native/staging/usr/include conftest.c >&5
configure:7858: $? = 0
configure:7858: result: yes
configure:7858: checking for sys/stat.h
configure:7858:  /Library/Developer/CommandLineTools/usr/bin/clang -c -isystem/Users/nicolassalleron/Desktop/SDK_PARROT/out/arsdk-native/staging/usr/include/x86_64-apple-darwin -isystem/Users/nicolassalleron/Desktop/SDK_PARROT/out/arsdk-native/staging/usr/include -std=gnu99 -pipe -O2 -g -ffunction-sections -DALCHEMY_BUILD  -m64 -fPIC -msse -msse2 -mssse3 -arch x86_64 -mmacosx-version-min=10.10 -isysroot /Library/Developer/CommandLineTools/SDKs/MacOSX.sdk  -Qunused-arguments -isystem/Users/nicolassalleron/Desktop/SDK_PARROT/out/arsdk-native/staging/usr/include/x86_64-apple-darwin -isystem/Users/nicolassalleron/Desktop/SDK_PARROT/out/arsdk-native/staging/usr/include conftest.c >&5
configure:7858: $? = 0
configure:7858: result: yes
configure:7858: checking for stdlib.h
configure:7858:  /Library/Developer/CommandLineTools/usr/bin/clang -c -isystem/Users/nicolassalleron/Desktop/SDK_PARROT/out/arsdk-native/staging/usr/include/x86_64-apple-darwin -isystem/Users/nicolassalleron/Desktop/SDK_PARROT/out/arsdk-native/staging/usr/include -std=gnu99 -pipe -O2 -g -ffunction-sections -DALCHEMY_BUILD  -m64 -fPIC -msse -msse2 -mssse3 -arch x86_64 -mmacosx-version-min=10.10 -isysroot /Library/Developer/CommandLineTools/SDKs/MacOSX.sdk  -Qunused-arguments -isystem/Users/nicolassalleron/Desktop/SDK_PARROT/out/arsdk-native/staging/usr/include/x86_64-apple-darwin -isystem/Users/nicolassalleron/Desktop/SDK_PARROT/out/arsdk-native/staging/usr/include conftest.c >&5
configure:7858: $? = 0
configure:7858: result: yes
configure:7858: checking for string.h
configure:7858:  /Library/Developer/CommandLineTools/usr/bin/clang -c -isystem/Users/nicolassalleron/Desktop/SDK_PARROT/out/arsdk-native/staging/usr/include/x86_64-apple-darwin -isystem/Users/nicolassalleron/Desktop/SDK_PARROT/out/arsdk-native/staging/usr/include -std=gnu99 -pipe -O2 -g -ffunction-sections -DALCHEMY_BUILD  -m64 -fPIC -msse -msse2 -mssse3 -arch x86_64 -mmacosx-version-min=10.10 -isysroot /Library/Developer/CommandLineTools/SDKs/MacOSX.sdk  -Qunused-arguments -isystem/Users/nicolassalleron/Desktop/SDK_PARROT/out/arsdk-native/staging/usr/include/x86_64-apple-darwin -isystem/Users/nicolassalleron/Desktop/SDK_PARROT/out/arsdk-native/staging/usr/include conftest.c >&5
configure:7858: $? = 0
configure:7858: result: yes
configure:7858: checking for memory.h
configure:7858:  /Library/Developer/CommandLineTools/usr/bin/clang -c -isystem/Users/nicolassalleron/Desktop/SDK_PARROT/out/arsdk-native/staging/usr/include/x86_64-apple-darwin -isystem/Users/nicolassalleron/Desktop/SDK_PARROT/out/arsdk-native/staging/usr/include -std=gnu99 -pipe -O2 -g -ffunction-sections -DALCHEMY_BUILD  -m64 -fPIC -msse -msse2 -mssse3 -arch x86_64 -mmacosx-version-min=10.10 -isysroot /Library/Developer/CommandLineTools/SDKs/MacOSX.sdk  -Qunused-arguments -isystem/Users/nicolassalleron/Desktop/SDK_PARROT/out/arsdk-native/staging/usr/include/x86_64-apple-darwin -isystem/Users/nicolassalleron/Desktop/SDK_PARROT/out/arsdk-native/staging/usr/include conftest.c >&5
configure:7858: $? = 0
configure:7858: result: yes
configure:7858: checking for strings.h
configure:7858:  /Library/Developer/CommandLineTools/usr/bin/clang -c -isystem/Users/nicolassalleron/Desktop/SDK_PARROT/out/arsdk-native/staging/usr/include/x86_64-apple-darwin -isystem/Users/nicolassalleron/Desktop/SDK_PARROT/out/arsdk-native/staging/usr/include -std=gnu99 -pipe -O2 -g -ffunction-sections -DALCHEMY_BUILD  -m64 -fPIC -msse -msse2 -mssse3 -arch x86_64 -mmacosx-version-min=10.10 -isysroot /Library/Developer/CommandLineTools/SDKs/MacOSX.sdk  -Qunused-arguments -isystem/Users/nicolassalleron/Desktop/SDK_PARROT/out/arsdk-native/staging/usr/include/x86_64-apple-darwin -isystem/Users/nicolassalleron/Desktop/SDK_PARROT/out/arsdk-native/staging/usr/include conftest.c >&5
configure:7858: $? = 0
configure:7858: result: yes
configure:7858: checking for inttypes.h
configure:7858:  /Library/Developer/CommandLineTools/usr/bin/clang -c -isystem/Users/nicolassalleron/Desktop/SDK_PARROT/out/arsdk-native/staging/usr/include/x86_64-apple-darwin -isystem/Users/nicolassalleron/Desktop/SDK_PARROT/out/arsdk-native/staging/usr/include -std=gnu99 -pipe -O2 -g -ffunction-sections -DALCHEMY_BUILD  -m64 -fPIC -msse -msse2 -mssse3 -arch x86_64 -mmacosx-version-min=10.10 -isysroot /Library/Developer/CommandLineTools/SDKs/MacOSX.sdk  -Qunused-arguments -isystem/Users/nicolassalleron/Desktop/SDK_PARROT/out/arsdk-native/staging/usr/include/x86_64-apple-darwin -isystem/Users/nicolassalleron/Desktop/SDK_PARROT/out/arsdk-native/staging/usr/include conftest.c >&5
configure:7858: $? = 0
configure:7858: result: yes
configure:7858: checking for stdint.h
configure:7858:  /Library/Developer/CommandLineTools/usr/bin/clang -c -isystem/Users/nicolassalleron/Desktop/SDK_PARROT/out/arsdk-native/staging/usr/include/x86_64-apple-darwin -isystem/Users/nicolassalleron/Desktop/SDK_PARROT/out/arsdk-native/staging/usr/include -std=gnu99 -pipe -O2 -g -ffunction-sections -DALCHEMY_BUILD  -m64 -fPIC -msse -msse2 -mssse3 -arch x86_64 -mmacosx-version-min=10.10 -isysroot /Library/Developer/CommandLineTools/SDKs/MacOSX.sdk  -Qunused-arguments -isystem/Users/nicolassalleron/Desktop/SDK_PARROT/out/arsdk-native/staging/usr/include/x86_64-apple-darwin -isystem/Users/nicolassalleron/Desktop/SDK_PARROT/out/arsdk-native/staging/usr/include conftest.c >&5
configure:7858: $? = 0
configure:7858: result: yes
configure:7858: checking for unistd.h
configure:7858:  /Library/Developer/CommandLineTools/usr/bin/clang -c -isystem/Users/nicolassalleron/Desktop/SDK_PARROT/out/arsdk-native/staging/usr/include/x86_64-apple-darwin -isystem/Users/nicolassalleron/Desktop/SDK_PARROT/out/arsdk-native/staging/usr/include -std=gnu99 -pipe -O2 -g -ffunction-sections -DALCHEMY_BUILD  -m64 -fPIC -msse -msse2 -mssse3 -arch x86_64 -mmacosx-version-min=10.10 -isysroot /Library/Developer/CommandLineTools/SDKs/MacOSX.sdk  -Qunused-arguments -isystem/Users/nicolassalleron/Desktop/SDK_PARROT/out/arsdk-native/staging/usr/include/x86_64-apple-darwin -isystem/Users/nicolassalleron/Desktop/SDK_PARROT/out/arsdk-native/staging/usr/include conftest.c >&5
configure:7858: $? = 0
configure:7858: result: yes
configure:7872: checking for dlfcn.h
configure:7872:  /Library/Developer/CommandLineTools/usr/bin/clang -c -isystem/Users/nicolassalleron/Desktop/SDK_PARROT/out/arsdk-native/staging/usr/include/x86_64-apple-darwin -isystem/Users/nicolassalleron/Desktop/SDK_PARROT/out/arsdk-native/staging/usr/include -std=gnu99 -pipe -O2 -g -ffunction-sections -DALCHEMY_BUILD  -m64 -fPIC -msse -msse2 -mssse3 -arch x86_64 -mmacosx-version-min=10.10 -isysroot /Library/Developer/CommandLineTools/SDKs/MacOSX.sdk  -Qunused-arguments -isystem/Users/nicolassalleron/Desktop/SDK_PARROT/out/arsdk-native/staging/usr/include/x86_64-apple-darwin -isystem/Users/nicolassalleron/Desktop/SDK_PARROT/out/arsdk-native/staging/usr/include conftest.c >&5
configure:7872: $? = 0
configure:7872: result: yes
configure:8078: checking for objdir
configure:8093: result: .libs
configure:8364: checking if  /Library/Developer/CommandLineTools/usr/bin/clang supports -fno-rtti -fno-exceptions
configure:8382:  /Library/Developer/CommandLineTools/usr/bin/clang -c -isystem/Users/nicolassalleron/Desktop/SDK_PARROT/out/arsdk-native/staging/usr/include/x86_64-apple-darwin -isystem/Users/nicolassalleron/Desktop/SDK_PARROT/out/arsdk-native/staging/usr/include -std=gnu99 -pipe -O2 -g -ffunction-sections -DALCHEMY_BUILD  -m64 -fPIC -msse -msse2 -mssse3 -arch x86_64 -mmacosx-version-min=10.10 -isysroot /Library/Developer/CommandLineTools/SDKs/MacOSX.sdk  -Qunused-arguments -isystem/Users/nicolassalleron/Desktop/SDK_PARROT/out/arsdk-native/staging/usr/include/x86_64-apple-darwin -isystem/Users/nicolassalleron/Desktop/SDK_PARROT/out/arsdk-native/staging/usr/include -fno-rtti -fno-exceptions conftest.c >&5
configure:8386: $? = 0
configure:8399: result: yes
configure:8726: checking for  /Library/Developer/CommandLineTools/usr/bin/clang option to produce PIC
configure:8733: result: -fno-common -DPIC
configure:8741: checking if  /Library/Developer/CommandLineTools/usr/bin/clang PIC flag -fno-common -DPIC works
configure:8759:  /Library/Developer/CommandLineTools/usr/bin/clang -c -isystem/Users/nicolassalleron/Desktop/SDK_PARROT/out/arsdk-native/staging/usr/include/x86_64-apple-darwin -isystem/Users/nicolassalleron/Desktop/SDK_PARROT/out/arsdk-native/staging/usr/include -std=gnu99 -pipe -O2 -g -ffunction-sections -DALCHEMY_BUILD  -m64 -fPIC -msse -msse2 -mssse3 -arch x86_64 -mmacosx-version-min=10.10 -isysroot /Library/Developer/CommandLineTools/SDKs/MacOSX.sdk  -Qunused-arguments -isystem/Users/nicolassalleron/Desktop/SDK_PARROT/out/arsdk-native/staging/usr/include/x86_64-apple-darwin -isystem/Users/nicolassalleron/Desktop/SDK_PARROT/out/arsdk-native/staging/usr/include -fno-common -DPIC -DPIC conftest.c >&5
configure:8763: $? = 0
configure:8776: result: yes
configure:8805: checking if  /Library/Developer/CommandLineTools/usr/bin/clang static flag -static works
configure:8833: result: no
configure:8848: checking if  /Library/Developer/CommandLineTools/usr/bin/clang supports -c -o file.o
configure:8869:  /Library/Developer/CommandLineTools/usr/bin/clang -c -isystem/Users/nicolassalleron/Desktop/SDK_PARROT/out/arsdk-native/staging/usr/include/x86_64-apple-darwin -isystem/Users/nicolassalleron/Desktop/SDK_PARROT/out/arsdk-native/staging/usr/include -std=gnu99 -pipe -O2 -g -ffunction-sections -DALCHEMY_BUILD  -m64 -fPIC -msse -msse2 -mssse3 -arch x86_64 -mmacosx-version-min=10.10 -isysroot /Library/Developer/CommandLineTools/SDKs/MacOSX.sdk  -Qunused-arguments -isystem/Users/nicolassalleron/Desktop/SDK_PARROT/out/arsdk-native/staging/usr/include/x86_64-apple-darwin -isystem/Users/nicolassalleron/Desktop/SDK_PARROT/out/arsdk-native/staging/usr/include -o out/conftest2.o conftest.c >&5
configure:8873: $? = 0
configure:8895: result: yes
configure:8903: checking if  /Library/Developer/CommandLineTools/usr/bin/clang supports -c -o file.o
configure:8950: result: yes
configure:8983: checking whether the  /Library/Developer/CommandLineTools/usr/bin/clang linker (/Library/Developer/CommandLineTools/usr/bin/ld) supports shared libraries
configure:10136: result: yes
configure:10376: checking dynamic linker characteristics
configure:11109: result: darwin16.5.0 dyld
configure:11216: checking how to hardcode library paths into programs
configure:11241: result: immediate
configure:11781: checking whether stripping libraries is possible
configure:11795: result: yes
configure:11821: checking if libtool supports shared libraries
configure:11823: result: yes
configure:11826: checking whether to build shared libraries
configure:11847: result: no
configure:11850: checking whether to build static libraries
configure:11854: result: yes
configure:12070: checking if  /Library/Developer/CommandLineTools/usr/bin/clang supports "-fno-strict-overflow"
configure:12087: ./scripts/wrap-compiler-for-flag-check  /Library/Developer/CommandLineTools/usr/bin/clang -o conftest -fno-strict-overflow -Wall -Werror -isystem/Users/nicolassalleron/Desktop/SDK_PARROT/out/arsdk-native/staging/usr/include/x86_64-apple-darwin -isystem/Users/nicolassalleron/Desktop/SDK_PARROT/out/arsdk-native/staging/usr/include  -O2  -m64 -lc++ -arch x86_64 -mmacosx-version-min=10.10 -isysroot /Library/Developer/CommandLineTools/SDKs/MacOSX.sdk  -L/Users/nicolassalleron/Desktop/SDK_PARROT/out/arsdk-native/staging/lib/x86_64-apple-darwin -L/Users/nicolassalleron/Desktop/SDK_PARROT/out/arsdk-native/staging/lib -L/Users/nicolassalleron/Desktop/SDK_PARROT/out/arsdk-native/staging/usr/lib/x86_64-apple-darwin -L/Users/nicolassalleron/Desktop/SDK_PARROT/out/arsdk-native/staging/usr/lib  conftest.c  >&5
ld: warning: directory not found for option '-L/Users/nicolassalleron/Desktop/SDK_PARROT/out/arsdk-native/staging/lib/x86_64-apple-darwin'
ld: warning: directory not found for option '-L/Users/nicolassalleron/Desktop/SDK_PARROT/out/arsdk-native/staging/lib'
ld: warning: directory not found for option '-L/Users/nicolassalleron/Desktop/SDK_PARROT/out/arsdk-native/staging/usr/lib/x86_64-apple-darwin'
configure:12087: $? = 0
configure:12088: result: yes
configure:12105: checking if  /Library/Developer/CommandLineTools/usr/bin/clang supports "-D_FORTIFY_SOURCE=2"
configure:12122: ./scripts/wrap-compiler-for-flag-check  /Library/Developer/CommandLineTools/usr/bin/clang -o conftest -D_FORTIFY_SOURCE=2 -Wall -Werror -isystem/Users/nicolassalleron/Desktop/SDK_PARROT/out/arsdk-native/staging/usr/include/x86_64-apple-darwin -isystem/Users/nicolassalleron/Desktop/SDK_PARROT/out/arsdk-native/staging/usr/include  -O2  -m64 -lc++ -arch x86_64 -mmacosx-version-min=10.10 -isysroot /Library/Developer/CommandLineTools/SDKs/MacOSX.sdk  -L/Users/nicolassalleron/Desktop/SDK_PARROT/out/arsdk-native/staging/lib/x86_64-apple-darwin -L/Users/nicolassalleron/Desktop/SDK_PARROT/out/arsdk-native/staging/lib -L/Users/nicolassalleron/Desktop/SDK_PARROT/out/arsdk-native/staging/usr/lib/x86_64-apple-darwin -L/Users/nicolassalleron/Desktop/SDK_PARROT/out/arsdk-native/staging/usr/lib  conftest.c  >&5
ld: warning: directory not found for option '-L/Users/nicolassalleron/Desktop/SDK_PARROT/out/arsdk-native/staging/lib/x86_64-apple-darwin'
ld: warning: directory not found for option '-L/Users/nicolassalleron/Desktop/SDK_PARROT/out/arsdk-native/staging/lib'
ld: warning: directory not found for option '-L/Users/nicolassalleron/Desktop/SDK_PARROT/out/arsdk-native/staging/usr/lib/x86_64-apple-darwin'
configure:12122: $? = 0
configure:12123: result: yes
configure:12140: checking if /Library/Developer/CommandLineTools/usr/bin/ld supports "-Wl,-z,relro"
configure:12157: ./scripts/wrap-compiler-for-flag-check  /Library/Developer/CommandLineTools/usr/bin/clang -o conftest -isystem/Users/nicolassalleron/Desktop/SDK_PARROT/out/arsdk-native/staging/usr/include/x86_64-apple-darwin -isystem/Users/nicolassalleron/Desktop/SDK_PARROT/out/arsdk-native/staging/usr/include -std=gnu99 -pipe -O2 -g -ffunction-sections -DALCHEMY_BUILD  -m64 -fPIC -msse -msse2 -mssse3 -arch x86_64 -mmacosx-version-min=10.10 -isysroot /Library/Developer/CommandLineTools/SDKs/MacOSX.sdk  -Qunused-arguments -Wall -std=gnu99 -isystem/Users/nicolassalleron/Desktop/SDK_PARROT/out/arsdk-native/staging/usr/include/x86_64-apple-darwin -isystem/Users/nicolassalleron/Desktop/SDK_PARROT/out/arsdk-native/staging/usr/include -Wl,-z,relro -Wall -Werror conftest.c  >&5
ld: unknown option: -z
clang: error: linker command failed with exit code 1 (use -v to see invocation)
configure:12157: $? = 1
configure: failed program was:
| /* confdefs.h */
| #define PACKAGE_NAME "libressl"
| #define PACKAGE_TARNAME "libressl"
| #define PACKAGE_VERSION "2.2.1"
| #define PACKAGE_STRING "libressl 2.2.1"
| #define PACKAGE_BUGREPORT ""
| #define PACKAGE_URL ""
| #define PACKAGE "libressl"
| #define VERSION "2.2.1"
| #define STDC_HEADERS 1
| #define HAVE_SYS_TYPES_H 1
| #define HAVE_SYS_STAT_H 1
| #define HAVE_STDLIB_H 1
| #define HAVE_STRING_H 1
| #define HAVE_MEMORY_H 1
| #define HAVE_STRINGS_H 1
| #define HAVE_INTTYPES_H 1
| #define HAVE_STDINT_H 1
| #define HAVE_UNISTD_H 1
| #define HAVE_DLFCN_H 1
| #define LT_OBJDIR ".libs/"
| /* end confdefs.h.  */
| 
| 		      #include <stdio.h>
| 
| int
| main ()
| {
| printf("Hello")
|   ;
|   return 0;
| }
configure:12163: result: no
configure:12173: checking if /Library/Developer/CommandLineTools/usr/bin/ld supports "-Wl,-z,now"
configure:12190: ./scripts/wrap-compiler-for-flag-check  /Library/Developer/CommandLineTools/usr/bin/clang -o conftest -isystem/Users/nicolassalleron/Desktop/SDK_PARROT/out/arsdk-native/staging/usr/include/x86_64-apple-darwin -isystem/Users/nicolassalleron/Desktop/SDK_PARROT/out/arsdk-native/staging/usr/include -std=gnu99 -pipe -O2 -g -ffunction-sections -DALCHEMY_BUILD  -m64 -fPIC -msse -msse2 -mssse3 -arch x86_64 -mmacosx-version-min=10.10 -isysroot /Library/Developer/CommandLineTools/SDKs/MacOSX.sdk  -Qunused-arguments -Wall -std=gnu99 -isystem/Users/nicolassalleron/Desktop/SDK_PARROT/out/arsdk-native/staging/usr/include/x86_64-apple-darwin -isystem/Users/nicolassalleron/Desktop/SDK_PARROT/out/arsdk-native/staging/usr/include -Wl,-z,now -Wall -Werror conftest.c  >&5
ld: unknown option: -z
clang: error: linker command failed with exit code 1 (use -v to see invocation)
configure:12190: $? = 1
configure: failed program was:
| /* confdefs.h */
| #define PACKAGE_NAME "libressl"
| #define PACKAGE_TARNAME "libressl"
| #define PACKAGE_VERSION "2.2.1"
| #define PACKAGE_STRING "libressl 2.2.1"
| #define PACKAGE_BUGREPORT ""
| #define PACKAGE_URL ""
| #define PACKAGE "libressl"
| #define VERSION "2.2.1"
| #define STDC_HEADERS 1
| #define HAVE_SYS_TYPES_H 1
| #define HAVE_SYS_STAT_H 1
| #define HAVE_STDLIB_H 1
| #define HAVE_STRING_H 1
| #define HAVE_MEMORY_H 1
| #define HAVE_STRINGS_H 1
| #define HAVE_INTTYPES_H 1
| #define HAVE_STDINT_H 1
| #define HAVE_UNISTD_H 1
| #define HAVE_DLFCN_H 1
| #define LT_OBJDIR ".libs/"
| /* end confdefs.h.  */
| 
| 		      #include <stdio.h>
| 
| int
| main ()
| {
| printf("Hello")
|   ;
|   return 0;
| }
configure:12196: result: no
configure:12316: checking if  /Library/Developer/CommandLineTools/usr/bin/clang supports "-fstack-protector-strong"
configure:12333: ./scripts/wrap-compiler-for-flag-check  /Library/Developer/CommandLineTools/usr/bin/clang -o conftest -fstack-protector-strong -Wall -Werror -isystem/Users/nicolassalleron/Desktop/SDK_PARROT/out/arsdk-native/staging/usr/include/x86_64-apple-darwin -isystem/Users/nicolassalleron/Desktop/SDK_PARROT/out/arsdk-native/staging/usr/include  -O2  -m64 -lc++ -arch x86_64 -mmacosx-version-min=10.10 -isysroot /Library/Developer/CommandLineTools/SDKs/MacOSX.sdk  -L/Users/nicolassalleron/Desktop/SDK_PARROT/out/arsdk-native/staging/lib/x86_64-apple-darwin -L/Users/nicolassalleron/Desktop/SDK_PARROT/out/arsdk-native/staging/lib -L/Users/nicolassalleron/Desktop/SDK_PARROT/out/arsdk-native/staging/usr/lib/x86_64-apple-darwin -L/Users/nicolassalleron/Desktop/SDK_PARROT/out/arsdk-native/staging/usr/lib  conftest.c  >&5
ld: warning: directory not found for option '-L/Users/nicolassalleron/Desktop/SDK_PARROT/out/arsdk-native/staging/lib/x86_64-apple-darwin'
ld: warning: directory not found for option '-L/Users/nicolassalleron/Desktop/SDK_PARROT/out/arsdk-native/staging/lib'
ld: warning: directory not found for option '-L/Users/nicolassalleron/Desktop/SDK_PARROT/out/arsdk-native/staging/usr/lib/x86_64-apple-darwin'
configure:12333: $? = 0
configure:12334: result: yes
configure:12458: checking whether AS supports .note.GNU-stack
configure:12472:  /Library/Developer/CommandLineTools/usr/bin/clang -c  -isystem/Users/nicolassalleron/Desktop/SDK_PARROT/out/arsdk-native/staging/usr/include/x86_64-apple-darwin -isystem/Users/nicolassalleron/Desktop/SDK_PARROT/out/arsdk-native/staging/usr/include conftest.c >&5
<inline asm>:1:19: error: unexpected token in '.section' directive
.section .note.GNU-stack,"",@progbits
                  ^
1 error generated.
configure:12472: $? = 1
configure: failed program was:
| /* confdefs.h */
| #define PACKAGE_NAME "libressl"
| #define PACKAGE_TARNAME "libressl"
| #define PACKAGE_VERSION "2.2.1"
| #define PACKAGE_STRING "libressl 2.2.1"
| #define PACKAGE_BUGREPORT ""
| #define PACKAGE_URL ""
| #define PACKAGE "libressl"
| #define VERSION "2.2.1"
| #define STDC_HEADERS 1
| #define HAVE_SYS_TYPES_H 1
| #define HAVE_SYS_STAT_H 1
| #define HAVE_STDLIB_H 1
| #define HAVE_STRING_H 1
| #define HAVE_MEMORY_H 1
| #define HAVE_STRINGS_H 1
| #define HAVE_INTTYPES_H 1
| #define HAVE_STDINT_H 1
| #define HAVE_UNISTD_H 1
| #define HAVE_DLFCN_H 1
| #define LT_OBJDIR ".libs/"
| /* end confdefs.h.  */
| 
| 	__asm__(".section .note.GNU-stack,\"\",@progbits");
| int
| main ()
| {
| 
|   ;
|   return 0;
| }
configure:12477: result: no
configure:12493: checking dependency style of  /Library/Developer/CommandLineTools/usr/bin/clang
configure:12602: result: gcc3
configure:12621: checking if compiling with clang
configure:12638:  /Library/Developer/CommandLineTools/usr/bin/clang -c -isystem/Users/nicolassalleron/Desktop/SDK_PARROT/out/arsdk-native/staging/usr/include/x86_64-apple-darwin -isystem/Users/nicolassalleron/Desktop/SDK_PARROT/out/arsdk-native/staging/usr/include -std=gnu99 -pipe -O2 -g -ffunction-sections -DALCHEMY_BUILD  -m64 -fPIC -msse -msse2 -mssse3 -arch x86_64 -mmacosx-version-min=10.10 -isysroot /Library/Developer/CommandLineTools/SDKs/MacOSX.sdk  -Qunused-arguments -Wall -std=gnu99  -fno-strict-overflow -D_FORTIFY_SOURCE=2 -fstack-protector-strong  -isystem/Users/nicolassalleron/Desktop/SDK_PARROT/out/arsdk-native/staging/usr/include/x86_64-apple-darwin -isystem/Users/nicolassalleron/Desktop/SDK_PARROT/out/arsdk-native/staging/usr/include conftest.c >&5
configure:12638: $? = 0
configure:12645: result: yes
configure:12657: checking whether CC supports -Wno-pointer-sign
configure:12670:  /Library/Developer/CommandLineTools/usr/bin/clang -c -Wno-pointer-sign -isystem/Users/nicolassalleron/Desktop/SDK_PARROT/out/arsdk-native/staging/usr/include/x86_64-apple-darwin -isystem/Users/nicolassalleron/Desktop/SDK_PARROT/out/arsdk-native/staging/usr/include conftest.c >&5
configure:12670: $? = 0
configure:12671: result: yes
configure:12686: checking for symlink
configure:12686:  /Library/Developer/CommandLineTools/usr/bin/clang -o conftest -isystem/Users/nicolassalleron/Desktop/SDK_PARROT/out/arsdk-native/staging/usr/include/x86_64-apple-darwin -isystem/Users/nicolassalleron/Desktop/SDK_PARROT/out/arsdk-native/staging/usr/include -std=gnu99 -pipe -O2 -g -ffunction-sections -DALCHEMY_BUILD  -m64 -fPIC -msse -msse2 -mssse3 -arch x86_64 -mmacosx-version-min=10.10 -isysroot /Library/Developer/CommandLineTools/SDKs/MacOSX.sdk  -Qunused-arguments -Wall -std=gnu99  -fno-strict-overflow -D_FORTIFY_SOURCE=2 -fstack-protector-strong  -Qunused-arguments -Wno-pointer-sign -isystem/Users/nicolassalleron/Desktop/SDK_PARROT/out/arsdk-native/staging/usr/include/x86_64-apple-darwin -isystem/Users/nicolassalleron/Desktop/SDK_PARROT/out/arsdk-native/staging/usr/include  -O2  -m64 -lc++ -arch x86_64 -mmacosx-version-min=10.10 -isysroot /Library/Developer/CommandLineTools/SDKs/MacOSX.sdk  -L/Users/nicolassalleron/Desktop/SDK_PARROT/out/arsdk-native/staging/lib/x86_64-apple-darwin -L/Users/nicolassalleron/Desktop/SDK_PARROT/out/arsdk-native/staging/lib -L/Users/nicolassalleron/Desktop/SDK_PARROT/out/arsdk-native/staging/usr/lib/x86_64-apple-darwin -L/Users/nicolassalleron/Desktop/SDK_PARROT/out/arsdk-native/staging/usr/lib   -Qunused-arguments conftest.c  >&5
ld: warning: directory not found for option '-L/Users/nicolassalleron/Desktop/SDK_PARROT/out/arsdk-native/staging/lib/x86_64-apple-darwin'
ld: warning: directory not found for option '-L/Users/nicolassalleron/Desktop/SDK_PARROT/out/arsdk-native/staging/lib'
ld: warning: directory not found for option '-L/Users/nicolassalleron/Desktop/SDK_PARROT/out/arsdk-native/staging/usr/lib/x86_64-apple-darwin'
configure:12686: $? = 0
configure:12686: result: yes
configure:12705: checking for funopen
configure:12705:  /Library/Developer/CommandLineTools/usr/bin/clang -o conftest -isystem/Users/nicolassalleron/Desktop/SDK_PARROT/out/arsdk-native/staging/usr/include/x86_64-apple-darwin -isystem/Users/nicolassalleron/Desktop/SDK_PARROT/out/arsdk-native/staging/usr/include -std=gnu99 -pipe -O2 -g -ffunction-sections -DALCHEMY_BUILD  -m64 -fPIC -msse -msse2 -mssse3 -arch x86_64 -mmacosx-version-min=10.10 -isysroot /Library/Developer/CommandLineTools/SDKs/MacOSX.sdk  -Qunused-arguments -Wall -std=gnu99  -fno-strict-overflow -D_FORTIFY_SOURCE=2 -fstack-protector-strong  -Qunused-arguments -Wno-pointer-sign -isystem/Users/nicolassalleron/Desktop/SDK_PARROT/out/arsdk-native/staging/usr/include/x86_64-apple-darwin -isystem/Users/nicolassalleron/Desktop/SDK_PARROT/out/arsdk-native/staging/usr/include  -O2  -m64 -lc++ -arch x86_64 -mmacosx-version-min=10.10 -isysroot /Library/Developer/CommandLineTools/SDKs/MacOSX.sdk  -L/Users/nicolassalleron/Desktop/SDK_PARROT/out/arsdk-native/staging/lib/x86_64-apple-darwin -L/Users/nicolassalleron/Desktop/SDK_PARROT/out/arsdk-native/staging/lib -L/Users/nicolassalleron/Desktop/SDK_PARROT/out/arsdk-native/staging/usr/lib/x86_64-apple-darwin -L/Users/nicolassalleron/Desktop/SDK_PARROT/out/arsdk-native/staging/usr/lib   -Qunused-arguments conftest.c  >&5
ld: warning: directory not found for option '-L/Users/nicolassalleron/Desktop/SDK_PARROT/out/arsdk-native/staging/lib/x86_64-apple-darwin'
ld: warning: directory not found for option '-L/Users/nicolassalleron/Desktop/SDK_PARROT/out/arsdk-native/staging/lib'
ld: warning: directory not found for option '-L/Users/nicolassalleron/Desktop/SDK_PARROT/out/arsdk-native/staging/usr/lib/x86_64-apple-darwin'
configure:12705: $? = 0
configure:12705: result: yes
configure:12716: checking for asprintf
configure:12716:  /Library/Developer/CommandLineTools/usr/bin/clang -o conftest -isystem/Users/nicolassalleron/Desktop/SDK_PARROT/out/arsdk-native/staging/usr/include/x86_64-apple-darwin -isystem/Users/nicolassalleron/Desktop/SDK_PARROT/out/arsdk-native/staging/usr/include -std=gnu99 -pipe -O2 -g -ffunction-sections -DALCHEMY_BUILD  -m64 -fPIC -msse -msse2 -mssse3 -arch x86_64 -mmacosx-version-min=10.10 -isysroot /Library/Developer/CommandLineTools/SDKs/MacOSX.sdk  -Qunused-arguments -Wall -std=gnu99  -fno-strict-overflow -D_FORTIFY_SOURCE=2 -fstack-protector-strong  -Qunused-arguments -Wno-pointer-sign -isystem/Users/nicolassalleron/Desktop/SDK_PARROT/out/arsdk-native/staging/usr/include/x86_64-apple-darwin -isystem/Users/nicolassalleron/Desktop/SDK_PARROT/out/arsdk-native/staging/usr/include  -O2  -m64 -lc++ -arch x86_64 -mmacosx-version-min=10.10 -isysroot /Library/Developer/CommandLineTools/SDKs/MacOSX.sdk  -L/Users/nicolassalleron/Desktop/SDK_PARROT/out/arsdk-native/staging/lib/x86_64-apple-darwin -L/Users/nicolassalleron/Desktop/SDK_PARROT/out/arsdk-native/staging/lib -L/Users/nicolassalleron/Desktop/SDK_PARROT/out/arsdk-native/staging/usr/lib/x86_64-apple-darwin -L/Users/nicolassalleron/Desktop/SDK_PARROT/out/arsdk-native/staging/usr/lib   -Qunused-arguments conftest.c  >&5
conftest.c:58:18: warning: format string missing [-Wformat]
return asprintf ();
       ~~~~~~~~  ^
1 warning generated.
ld: warning: directory not found for option '-L/Users/nicolassalleron/Desktop/SDK_PARROT/out/arsdk-native/staging/lib/x86_64-apple-darwin'
ld: warning: directory not found for option '-L/Users/nicolassalleron/Desktop/SDK_PARROT/out/arsdk-native/staging/lib'
ld: warning: directory not found for option '-L/Users/nicolassalleron/Desktop/SDK_PARROT/out/arsdk-native/staging/usr/lib/x86_64-apple-darwin'
configure:12716: $? = 0
configure:12716: result: yes
configure:12716: checking for inet_pton
configure:12716:  /Library/Developer/CommandLineTools/usr/bin/clang -o conftest -isystem/Users/nicolassalleron/Desktop/SDK_PARROT/out/arsdk-native/staging/usr/include/x86_64-apple-darwin -isystem/Users/nicolassalleron/Desktop/SDK_PARROT/out/arsdk-native/staging/usr/include -std=gnu99 -pipe -O2 -g -ffunction-sections -DALCHEMY_BUILD  -m64 -fPIC -msse -msse2 -mssse3 -arch x86_64 -mmacosx-version-min=10.10 -isysroot /Library/Developer/CommandLineTools/SDKs/MacOSX.sdk  -Qunused-arguments -Wall -std=gnu99  -fno-strict-overflow -D_FORTIFY_SOURCE=2 -fstack-protector-strong  -Qunused-arguments -Wno-pointer-sign -isystem/Users/nicolassalleron/Desktop/SDK_PARROT/out/arsdk-native/staging/usr/include/x86_64-apple-darwin -isystem/Users/nicolassalleron/Desktop/SDK_PARROT/out/arsdk-native/staging/usr/include  -O2  -m64 -lc++ -arch x86_64 -mmacosx-version-min=10.10 -isysroot /Library/Developer/CommandLineTools/SDKs/MacOSX.sdk  -L/Users/nicolassalleron/Desktop/SDK_PARROT/out/arsdk-native/staging/lib/x86_64-apple-darwin -L/Users/nicolassalleron/Desktop/SDK_PARROT/out/arsdk-native/staging/lib -L/Users/nicolassalleron/Desktop/SDK_PARROT/out/arsdk-native/staging/usr/lib/x86_64-apple-darwin -L/Users/nicolassalleron/Desktop/SDK_PARROT/out/arsdk-native/staging/usr/lib   -Qunused-arguments conftest.c  >&5
ld: warning: directory not found for option '-L/Users/nicolassalleron/Desktop/SDK_PARROT/out/arsdk-native/staging/lib/x86_64-apple-darwin'
ld: warning: directory not found for option '-L/Users/nicolassalleron/Desktop/SDK_PARROT/out/arsdk-native/staging/lib'
ld: warning: directory not found for option '-L/Users/nicolassalleron/Desktop/SDK_PARROT/out/arsdk-native/staging/usr/lib/x86_64-apple-darwin'
configure:12716: $? = 0
configure:12716: result: yes
configure:12716: checking for memmem
configure:12716:  /Library/Developer/CommandLineTools/usr/bin/clang -o conftest -isystem/Users/nicolassalleron/Desktop/SDK_PARROT/out/arsdk-native/staging/usr/include/x86_64-apple-darwin -isystem/Users/nicolassalleron/Desktop/SDK_PARROT/out/arsdk-native/staging/usr/include -std=gnu99 -pipe -O2 -g -ffunction-sections -DALCHEMY_BUILD  -m64 -fPIC -msse -msse2 -mssse3 -arch x86_64 -mmacosx-version-min=10.10 -isysroot /Library/Developer/CommandLineTools/SDKs/MacOSX.sdk  -Qunused-arguments -Wall -std=gnu99  -fno-strict-overflow -D_FORTIFY_SOURCE=2 -fstack-protector-strong  -Qunused-arguments -Wno-pointer-sign -isystem/Users/nicolassalleron/Desktop/SDK_PARROT/out/arsdk-native/staging/usr/include/x86_64-apple-darwin -isystem/Users/nicolassalleron/Desktop/SDK_PARROT/out/arsdk-native/staging/usr/include  -O2  -m64 -lc++ -arch x86_64 -mmacosx-version-min=10.10 -isysroot /Library/Developer/CommandLineTools/SDKs/MacOSX.sdk  -L/Users/nicolassalleron/Desktop/SDK_PARROT/out/arsdk-native/staging/lib/x86_64-apple-darwin -L/Users/nicolassalleron/Desktop/SDK_PARROT/out/arsdk-native/staging/lib -L/Users/nicolassalleron/Desktop/SDK_PARROT/out/arsdk-native/staging/usr/lib/x86_64-apple-darwin -L/Users/nicolassalleron/Desktop/SDK_PARROT/out/arsdk-native/staging/usr/lib   -Qunused-arguments conftest.c  >&5
ld: warning: directory not found for option '-L/Users/nicolassalleron/Desktop/SDK_PARROT/out/arsdk-native/staging/lib/x86_64-apple-darwin'
ld: warning: directory not found for option '-L/Users/nicolassalleron/Desktop/SDK_PARROT/out/arsdk-native/staging/lib'
ld: warning: directory not found for option '-L/Users/nicolassalleron/Desktop/SDK_PARROT/out/arsdk-native/staging/usr/lib/x86_64-apple-darwin'
configure:12716: $? = 0
configure:12716: result: yes
configure:12716: checking for poll
configure:12716:  /Library/Developer/CommandLineTools/usr/bin/clang -o conftest -isystem/Users/nicolassalleron/Desktop/SDK_PARROT/out/arsdk-native/staging/usr/include/x86_64-apple-darwin -isystem/Users/nicolassalleron/Desktop/SDK_PARROT/out/arsdk-native/staging/usr/include -std=gnu99 -pipe -O2 -g -ffunction-sections -DALCHEMY_BUILD  -m64 -fPIC -msse -msse2 -mssse3 -arch x86_64 -mmacosx-version-min=10.10 -isysroot /Library/Developer/CommandLineTools/SDKs/MacOSX.sdk  -Qunused-arguments -Wall -std=gnu99  -fno-strict-overflow -D_FORTIFY_SOURCE=2 -fstack-protector-strong  -Qunused-arguments -Wno-pointer-sign -isystem/Users/nicolassalleron/Desktop/SDK_PARROT/out/arsdk-native/staging/usr/include/x86_64-apple-darwin -isystem/Users/nicolassalleron/Desktop/SDK_PARROT/out/arsdk-native/staging/usr/include  -O2  -m64 -lc++ -arch x86_64 -mmacosx-version-min=10.10 -isysroot /Library/Developer/CommandLineTools/SDKs/MacOSX.sdk  -L/Users/nicolassalleron/Desktop/SDK_PARROT/out/arsdk-native/staging/lib/x86_64-apple-darwin -L/Users/nicolassalleron/Desktop/SDK_PARROT/out/arsdk-native/staging/lib -L/Users/nicolassalleron/Desktop/SDK_PARROT/out/arsdk-native/staging/usr/lib/x86_64-apple-darwin -L/Users/nicolassalleron/Desktop/SDK_PARROT/out/arsdk-native/staging/usr/lib   -Qunused-arguments conftest.c  >&5
ld: warning: directory not found for option '-L/Users/nicolassalleron/Desktop/SDK_PARROT/out/arsdk-native/staging/lib/x86_64-apple-darwin'
ld: warning: directory not found for option '-L/Users/nicolassalleron/Desktop/SDK_PARROT/out/arsdk-native/staging/lib'
ld: warning: directory not found for option '-L/Users/nicolassalleron/Desktop/SDK_PARROT/out/arsdk-native/staging/usr/lib/x86_64-apple-darwin'
configure:12716: $? = 0
configure:12716: result: yes
configure:12716: checking for reallocarray
configure:12716:  /Library/Developer/CommandLineTools/usr/bin/clang -o conftest -isystem/Users/nicolassalleron/Desktop/SDK_PARROT/out/arsdk-native/staging/usr/include/x86_64-apple-darwin -isystem/Users/nicolassalleron/Desktop/SDK_PARROT/out/arsdk-native/staging/usr/include -std=gnu99 -pipe -O2 -g -ffunction-sections -DALCHEMY_BUILD  -m64 -fPIC -msse -msse2 -mssse3 -arch x86_64 -mmacosx-version-min=10.10 -isysroot /Library/Developer/CommandLineTools/SDKs/MacOSX.sdk  -Qunused-arguments -Wall -std=gnu99  -fno-strict-overflow -D_FORTIFY_SOURCE=2 -fstack-protector-strong  -Qunused-arguments -Wno-pointer-sign -isystem/Users/nicolassalleron/Desktop/SDK_PARROT/out/arsdk-native/staging/usr/include/x86_64-apple-darwin -isystem/Users/nicolassalleron/Desktop/SDK_PARROT/out/arsdk-native/staging/usr/include  -O2  -m64 -lc++ -arch x86_64 -mmacosx-version-min=10.10 -isysroot /Library/Developer/CommandLineTools/SDKs/MacOSX.sdk  -L/Users/nicolassalleron/Desktop/SDK_PARROT/out/arsdk-native/staging/lib/x86_64-apple-darwin -L/Users/nicolassalleron/Desktop/SDK_PARROT/out/arsdk-native/staging/lib -L/Users/nicolassalleron/Desktop/SDK_PARROT/out/arsdk-native/staging/usr/lib/x86_64-apple-darwin -L/Users/nicolassalleron/Desktop/SDK_PARROT/out/arsdk-native/staging/usr/lib   -Qunused-arguments conftest.c  >&5
ld: warning: directory not found for option '-L/Users/nicolassalleron/Desktop/SDK_PARROT/out/arsdk-native/staging/lib/x86_64-apple-darwin'
ld: warning: directory not found for option '-L/Users/nicolassalleron/Desktop/SDK_PARROT/out/arsdk-native/staging/lib'
ld: warning: directory not found for option '-L/Users/nicolassalleron/Desktop/SDK_PARROT/out/arsdk-native/staging/usr/lib/x86_64-apple-darwin'
Undefined symbols for architecture x86_64:
  "_reallocarray", referenced from:
      _main in conftest-4b52f1.o
ld: symbol(s) not found for architecture x86_64
clang: error: linker command failed with exit code 1 (use -v to see invocation)
configure:12716: $? = 1
configure: failed program was:
| /* confdefs.h */
| #define PACKAGE_NAME "libressl"
| #define PACKAGE_TARNAME "libressl"
| #define PACKAGE_VERSION "2.2.1"
| #define PACKAGE_STRING "libressl 2.2.1"
| #define PACKAGE_BUGREPORT ""
| #define PACKAGE_URL ""
| #define PACKAGE "libressl"
| #define VERSION "2.2.1"
| #define STDC_HEADERS 1
| #define HAVE_SYS_TYPES_H 1
| #define HAVE_SYS_STAT_H 1
| #define HAVE_STDLIB_H 1
| #define HAVE_STRING_H 1
| #define HAVE_MEMORY_H 1
| #define HAVE_STRINGS_H 1
| #define HAVE_INTTYPES_H 1
| #define HAVE_STDINT_H 1
| #define HAVE_UNISTD_H 1
| #define HAVE_DLFCN_H 1
| #define LT_OBJDIR ".libs/"
| #define HAVE_SYMLINK 1
| #define HAVE_ASPRINTF 1
| #define HAVE_INET_PTON 1
| #define HAVE_MEMMEM 1
| #define HAVE_POLL 1
| /* end confdefs.h.  */
| /* Define reallocarray to an innocuous variant, in case <limits.h> declares reallocarray.
|    For example, HP-UX 11i <limits.h> declares gettimeofday.  */
| #define reallocarray innocuous_reallocarray
| 
| /* System header to define __stub macros and hopefully few prototypes,
|     which can conflict with char reallocarray (); below.
|     Prefer <limits.h> to <assert.h> if __STDC__ is defined, since
|     <limits.h> exists even on freestanding compilers.  */
| 
| #ifdef __STDC__
| # include <limits.h>
| #else
| # include <assert.h>
| #endif
| 
| #undef reallocarray
| 
| /* Override any GCC internal prototype to avoid an error.
|    Use char because int might match the return type of a GCC
|    builtin and then its argument prototype would still apply.  */
| #ifdef __cplusplus
| extern "C"
| #endif
| char reallocarray ();
| /* The GNU C library defines this for functions which it implements
|     to always fail with ENOSYS.  Some functions are actually named
|     something starting with __ and the normal name is an alias.  */
| #if defined __stub_reallocarray || defined __stub___reallocarray
| choke me
| #endif
| 
| int
| main ()
| {
| return reallocarray ();
|   ;
|   return 0;
| }
configure:12716: result: no
configure:12728: checking for strlcat
configure:12728:  /Library/Developer/CommandLineTools/usr/bin/clang -o conftest -isystem/Users/nicolassalleron/Desktop/SDK_PARROT/out/arsdk-native/staging/usr/include/x86_64-apple-darwin -isystem/Users/nicolassalleron/Desktop/SDK_PARROT/out/arsdk-native/staging/usr/include -std=gnu99 -pipe -O2 -g -ffunction-sections -DALCHEMY_BUILD  -m64 -fPIC -msse -msse2 -mssse3 -arch x86_64 -mmacosx-version-min=10.10 -isysroot /Library/Developer/CommandLineTools/SDKs/MacOSX.sdk  -Qunused-arguments -Wall -std=gnu99  -fno-strict-overflow -D_FORTIFY_SOURCE=2 -fstack-protector-strong  -Qunused-arguments -Wno-pointer-sign -isystem/Users/nicolassalleron/Desktop/SDK_PARROT/out/arsdk-native/staging/usr/include/x86_64-apple-darwin -isystem/Users/nicolassalleron/Desktop/SDK_PARROT/out/arsdk-native/staging/usr/include  -O2  -m64 -lc++ -arch x86_64 -mmacosx-version-min=10.10 -isysroot /Library/Developer/CommandLineTools/SDKs/MacOSX.sdk  -L/Users/nicolassalleron/Desktop/SDK_PARROT/out/arsdk-native/staging/lib/x86_64-apple-darwin -L/Users/nicolassalleron/Desktop/SDK_PARROT/out/arsdk-native/staging/lib -L/Users/nicolassalleron/Desktop/SDK_PARROT/out/arsdk-native/staging/usr/lib/x86_64-apple-darwin -L/Users/nicolassalleron/Desktop/SDK_PARROT/out/arsdk-native/staging/usr/lib   -Qunused-arguments conftest.c  >&5
conftest.c:51:6: warning: incompatible redeclaration of library function 'strlcat' [-Wincompatible-library-redeclaration]
char strlcat ();
     ^
conftest.c:51:6: note: 'strlcat' is a builtin with type 'unsigned long (char *, const char *, unsigned long)'
1 warning generated.
ld: warning: directory not found for option '-L/Users/nicolassalleron/Desktop/SDK_PARROT/out/arsdk-native/staging/lib/x86_64-apple-darwin'
ld: warning: directory not found for option '-L/Users/nicolassalleron/Desktop/SDK_PARROT/out/arsdk-native/staging/lib'
ld: warning: directory not found for option '-L/Users/nicolassalleron/Desktop/SDK_PARROT/out/arsdk-native/staging/usr/lib/x86_64-apple-darwin'
configure:12728: $? = 0
configure:12728: result: yes
configure:12728: checking for strlcpy
configure:12728:  /Library/Developer/CommandLineTools/usr/bin/clang -o conftest -isystem/Users/nicolassalleron/Desktop/SDK_PARROT/out/arsdk-native/staging/usr/include/x86_64-apple-darwin -isystem/Users/nicolassalleron/Desktop/SDK_PARROT/out/arsdk-native/staging/usr/include -std=gnu99 -pipe -O2 -g -ffunction-sections -DALCHEMY_BUILD  -m64 -fPIC -msse -msse2 -mssse3 -arch x86_64 -mmacosx-version-min=10.10 -isysroot /Library/Developer/CommandLineTools/SDKs/MacOSX.sdk  -Qunused-arguments -Wall -std=gnu99  -fno-strict-overflow -D_FORTIFY_SOURCE=2 -fstack-protector-strong  -Qunused-arguments -Wno-pointer-sign -isystem/Users/nicolassalleron/Desktop/SDK_PARROT/out/arsdk-native/staging/usr/include/x86_64-apple-darwin -isystem/Users/nicolassalleron/Desktop/SDK_PARROT/out/arsdk-native/staging/usr/include  -O2  -m64 -lc++ -arch x86_64 -mmacosx-version-min=10.10 -isysroot /Library/Developer/CommandLineTools/SDKs/MacOSX.sdk  -L/Users/nicolassalleron/Desktop/SDK_PARROT/out/arsdk-native/staging/lib/x86_64-apple-darwin -L/Users/nicolassalleron/Desktop/SDK_PARROT/out/arsdk-native/staging/lib -L/Users/nicolassalleron/Desktop/SDK_PARROT/out/arsdk-native/staging/usr/lib/x86_64-apple-darwin -L/Users/nicolassalleron/Desktop/SDK_PARROT/out/arsdk-native/staging/usr/lib   -Qunused-arguments conftest.c  >&5
conftest.c:52:6: warning: incompatible redeclaration of library function 'strlcpy' [-Wincompatible-library-redeclaration]
char strlcpy ();
     ^
conftest.c:52:6: note: 'strlcpy' is a builtin with type 'unsigned long (char *, const char *, unsigned long)'
1 warning generated.
ld: warning: directory not found for option '-L/Users/nicolassalleron/Desktop/SDK_PARROT/out/arsdk-native/staging/lib/x86_64-apple-darwin'
ld: warning: directory not found for option '-L/Users/nicolassalleron/Desktop/SDK_PARROT/out/arsdk-native/staging/lib'
ld: warning: directory not found for option '-L/Users/nicolassalleron/Desktop/SDK_PARROT/out/arsdk-native/staging/usr/lib/x86_64-apple-darwin'
configure:12728: $? = 0
configure:12728: result: yes
configure:12728: checking for strndup
configure:12728:  /Library/Developer/CommandLineTools/usr/bin/clang -o conftest -isystem/Users/nicolassalleron/Desktop/SDK_PARROT/out/arsdk-native/staging/usr/include/x86_64-apple-darwin -isystem/Users/nicolassalleron/Desktop/SDK_PARROT/out/arsdk-native/staging/usr/include -std=gnu99 -pipe -O2 -g -ffunction-sections -DALCHEMY_BUILD  -m64 -fPIC -msse -msse2 -mssse3 -arch x86_64 -mmacosx-version-min=10.10 -isysroot /Library/Developer/CommandLineTools/SDKs/MacOSX.sdk  -Qunused-arguments -Wall -std=gnu99  -fno-strict-overflow -D_FORTIFY_SOURCE=2 -fstack-protector-strong  -Qunused-arguments -Wno-pointer-sign -isystem/Users/nicolassalleron/Desktop/SDK_PARROT/out/arsdk-native/staging/usr/include/x86_64-apple-darwin -isystem/Users/nicolassalleron/Desktop/SDK_PARROT/out/arsdk-native/staging/usr/include  -O2  -m64 -lc++ -arch x86_64 -mmacosx-version-min=10.10 -isysroot /Library/Developer/CommandLineTools/SDKs/MacOSX.sdk  -L/Users/nicolassalleron/Desktop/SDK_PARROT/out/arsdk-native/staging/lib/x86_64-apple-darwin -L/Users/nicolassalleron/Desktop/SDK_PARROT/out/arsdk-native/staging/lib -L/Users/nicolassalleron/Desktop/SDK_PARROT/out/arsdk-native/staging/usr/lib/x86_64-apple-darwin -L/Users/nicolassalleron/Desktop/SDK_PARROT/out/arsdk-native/staging/usr/lib   -Qunused-arguments conftest.c  >&5
conftest.c:53:6: warning: incompatible redeclaration of library function 'strndup' [-Wincompatible-library-redeclaration]
char strndup ();
     ^
conftest.c:53:6: note: 'strndup' is a builtin with type 'char *(const char *, unsigned long)'
1 warning generated.
ld: warning: directory not found for option '-L/Users/nicolassalleron/Desktop/SDK_PARROT/out/arsdk-native/staging/lib/x86_64-apple-darwin'
ld: warning: directory not found for option '-L/Users/nicolassalleron/Desktop/SDK_PARROT/out/arsdk-native/staging/lib'
ld: warning: directory not found for option '-L/Users/nicolassalleron/Desktop/SDK_PARROT/out/arsdk-native/staging/usr/lib/x86_64-apple-darwin'
configure:12728: $? = 0
configure:12728: result: yes
configure:12728: checking for strnlen
configure:12728:  /Library/Developer/CommandLineTools/usr/bin/clang -o conftest -isystem/Users/nicolassalleron/Desktop/SDK_PARROT/out/arsdk-native/staging/usr/include/x86_64-apple-darwin -isystem/Users/nicolassalleron/Desktop/SDK_PARROT/out/arsdk-native/staging/usr/include -std=gnu99 -pipe -O2 -g -ffunction-sections -DALCHEMY_BUILD  -m64 -fPIC -msse -msse2 -mssse3 -arch x86_64 -mmacosx-version-min=10.10 -isysroot /Library/Developer/CommandLineTools/SDKs/MacOSX.sdk  -Qunused-arguments -Wall -std=gnu99  -fno-strict-overflow -D_FORTIFY_SOURCE=2 -fstack-protector-strong  -Qunused-arguments -Wno-pointer-sign -isystem/Users/nicolassalleron/Desktop/SDK_PARROT/out/arsdk-native/staging/usr/include/x86_64-apple-darwin -isystem/Users/nicolassalleron/Desktop/SDK_PARROT/out/arsdk-native/staging/usr/include  -O2  -m64 -lc++ -arch x86_64 -mmacosx-version-min=10.10 -isysroot /Library/Developer/CommandLineTools/SDKs/MacOSX.sdk  -L/Users/nicolassalleron/Desktop/SDK_PARROT/out/arsdk-native/staging/lib/x86_64-apple-darwin -L/Users/nicolassalleron/Desktop/SDK_PARROT/out/arsdk-native/staging/lib -L/Users/nicolassalleron/Desktop/SDK_PARROT/out/arsdk-native/staging/usr/lib/x86_64-apple-darwin -L/Users/nicolassalleron/Desktop/SDK_PARROT/out/arsdk-native/staging/usr/lib   -Qunused-arguments conftest.c  >&5
ld: warning: directory not found for option '-L/Users/nicolassalleron/Desktop/SDK_PARROT/out/arsdk-native/staging/lib/x86_64-apple-darwin'
ld: warning: directory not found for option '-L/Users/nicolassalleron/Desktop/SDK_PARROT/out/arsdk-native/staging/lib'
ld: warning: directory not found for option '-L/Users/nicolassalleron/Desktop/SDK_PARROT/out/arsdk-native/staging/usr/lib/x86_64-apple-darwin'
configure:12728: $? = 0
configure:12728: result: yes
configure:12728: checking for strsep
configure:12728:  /Library/Developer/CommandLineTools/usr/bin/clang -o conftest -isystem/Users/nicolassalleron/Desktop/SDK_PARROT/out/arsdk-native/staging/usr/include/x86_64-apple-darwin -isystem/Users/nicolassalleron/Desktop/SDK_PARROT/out/arsdk-native/staging/usr/include -std=gnu99 -pipe -O2 -g -ffunction-sections -DALCHEMY_BUILD  -m64 -fPIC -msse -msse2 -mssse3 -arch x86_64 -mmacosx-version-min=10.10 -isysroot /Library/Developer/CommandLineTools/SDKs/MacOSX.sdk  -Qunused-arguments -Wall -std=gnu99  -fno-strict-overflow -D_FORTIFY_SOURCE=2 -fstack-protector-strong  -Qunused-arguments -Wno-pointer-sign -isystem/Users/nicolassalleron/Desktop/SDK_PARROT/out/arsdk-native/staging/usr/include/x86_64-apple-darwin -isystem/Users/nicolassalleron/Desktop/SDK_PARROT/out/arsdk-native/staging/usr/include  -O2  -m64 -lc++ -arch x86_64 -mmacosx-version-min=10.10 -isysroot /Library/Developer/CommandLineTools/SDKs/MacOSX.sdk  -L/Users/nicolassalleron/Desktop/SDK_PARROT/out/arsdk-native/staging/lib/x86_64-apple-darwin -L/Users/nicolassalleron/Desktop/SDK_PARROT/out/arsdk-native/staging/lib -L/Users/nicolassalleron/Desktop/SDK_PARROT/out/arsdk-native/staging/usr/lib/x86_64-apple-darwin -L/Users/nicolassalleron/Desktop/SDK_PARROT/out/arsdk-native/staging/usr/lib   -Qunused-arguments conftest.c  >&5
ld: warning: directory not found for option '-L/Users/nicolassalleron/Desktop/SDK_PARROT/out/arsdk-native/staging/lib/x86_64-apple-darwin'
ld: warning: directory not found for option '-L/Users/nicolassalleron/Desktop/SDK_PARROT/out/arsdk-native/staging/lib'
ld: warning: directory not found for option '-L/Users/nicolassalleron/Desktop/SDK_PARROT/out/arsdk-native/staging/usr/lib/x86_64-apple-darwin'
configure:12728: $? = 0
configure:12728: result: yes
configure:12728: checking for strtonum
configure:12728:  /Library/Developer/CommandLineTools/usr/bin/clang -o conftest -isystem/Users/nicolassalleron/Desktop/SDK_PARROT/out/arsdk-native/staging/usr/include/x86_64-apple-darwin -isystem/Users/nicolassalleron/Desktop/SDK_PARROT/out/arsdk-native/staging/usr/include -std=gnu99 -pipe -O2 -g -ffunction-sections -DALCHEMY_BUILD  -m64 -fPIC -msse -msse2 -mssse3 -arch x86_64 -mmacosx-version-min=10.10 -isysroot /Library/Developer/CommandLineTools/SDKs/MacOSX.sdk  -Qunused-arguments -Wall -std=gnu99  -fno-strict-overflow -D_FORTIFY_SOURCE=2 -fstack-protector-strong  -Qunused-arguments -Wno-pointer-sign -isystem/Users/nicolassalleron/Desktop/SDK_PARROT/out/arsdk-native/staging/usr/include/x86_64-apple-darwin -isystem/Users/nicolassalleron/Desktop/SDK_PARROT/out/arsdk-native/staging/usr/include  -O2  -m64 -lc++ -arch x86_64 -mmacosx-version-min=10.10 -isysroot /Library/Developer/CommandLineTools/SDKs/MacOSX.sdk  -L/Users/nicolassalleron/Desktop/SDK_PARROT/out/arsdk-native/staging/lib/x86_64-apple-darwin -L/Users/nicolassalleron/Desktop/SDK_PARROT/out/arsdk-native/staging/lib -L/Users/nicolassalleron/Desktop/SDK_PARROT/out/arsdk-native/staging/usr/lib/x86_64-apple-darwin -L/Users/nicolassalleron/Desktop/SDK_PARROT/out/arsdk-native/staging/usr/lib   -Qunused-arguments conftest.c  >&5
ld: warning: directory not found for option '-L/Users/nicolassalleron/Desktop/SDK_PARROT/out/arsdk-native/staging/lib/x86_64-apple-darwin'
ld: warning: directory not found for option '-L/Users/nicolassalleron/Desktop/SDK_PARROT/out/arsdk-native/staging/lib'
ld: warning: directory not found for option '-L/Users/nicolassalleron/Desktop/SDK_PARROT/out/arsdk-native/staging/usr/lib/x86_64-apple-darwin'
Undefined symbols for architecture x86_64:
  "_strtonum", referenced from:
      _main in conftest-3364b5.o
ld: symbol(s) not found for architecture x86_64
clang: error: linker command failed with exit code 1 (use -v to see invocation)
configure:12728: $? = 1
configure: failed program was:
| /* confdefs.h */
| #define PACKAGE_NAME "libressl"
| #define PACKAGE_TARNAME "libressl"
| #define PACKAGE_VERSION "2.2.1"
| #define PACKAGE_STRING "libressl 2.2.1"
| #define PACKAGE_BUGREPORT ""
| #define PACKAGE_URL ""
| #define PACKAGE "libressl"
| #define VERSION "2.2.1"
| #define STDC_HEADERS 1
| #define HAVE_SYS_TYPES_H 1
| #define HAVE_SYS_STAT_H 1
| #define HAVE_STDLIB_H 1
| #define HAVE_STRING_H 1
| #define HAVE_MEMORY_H 1
| #define HAVE_STRINGS_H 1
| #define HAVE_INTTYPES_H 1
| #define HAVE_STDINT_H 1
| #define HAVE_UNISTD_H 1
| #define HAVE_DLFCN_H 1
| #define LT_OBJDIR ".libs/"
| #define HAVE_SYMLINK 1
| #define HAVE_ASPRINTF 1
| #define HAVE_INET_PTON 1
| #define HAVE_MEMMEM 1
| #define HAVE_POLL 1
| #define HAVE_STRLCAT 1
| #define HAVE_STRLCPY 1
| #define HAVE_STRNDUP 1
| #define HAVE_STRNLEN 1
| #define HAVE_STRSEP 1
| /* end confdefs.h.  */
| /* Define strtonum to an innocuous variant, in case <limits.h> declares strtonum.
|    For example, HP-UX 11i <limits.h> declares gettimeofday.  */
| #define strtonum innocuous_strtonum
| 
| /* System header to define __stub macros and hopefully few prototypes,
|     which can conflict with char strtonum (); below.
|     Prefer <limits.h> to <assert.h> if __STDC__ is defined, since
|     <limits.h> exists even on freestanding compilers.  */
| 
| #ifdef __STDC__
| # include <limits.h>
| #else
| # include <assert.h>
| #endif
| 
| #undef strtonum
| 
| /* Override any GCC internal prototype to avoid an error.
|    Use char because int might match the return type of a GCC
|    builtin and then its argument prototype would still apply.  */
| #ifdef __cplusplus
| extern "C"
| #endif
| char strtonum ();
| /* The GNU C library defines this for functions which it implements
|     to always fail with ENOSYS.  Some functions are actually named
|     something starting with __ and the normal name is an alias.  */
| #if defined __stub_strtonum || defined __stub___strtonum
| choke me
| #endif
| 
| int
| main ()
| {
| return strtonum ();
|   ;
|   return 0;
| }
configure:12728: result: no
configure:12831: checking for arc4random_buf
configure:12831:  /Library/Developer/CommandLineTools/usr/bin/clang -o conftest -isystem/Users/nicolassalleron/Desktop/SDK_PARROT/out/arsdk-native/staging/usr/include/x86_64-apple-darwin -isystem/Users/nicolassalleron/Desktop/SDK_PARROT/out/arsdk-native/staging/usr/include -std=gnu99 -pipe -O2 -g -ffunction-sections -DALCHEMY_BUILD  -m64 -fPIC -msse -msse2 -mssse3 -arch x86_64 -mmacosx-version-min=10.10 -isysroot /Library/Developer/CommandLineTools/SDKs/MacOSX.sdk  -Qunused-arguments -Wall -std=gnu99  -fno-strict-overflow -D_FORTIFY_SOURCE=2 -fstack-protector-strong  -Qunused-arguments -Wno-pointer-sign -isystem/Users/nicolassalleron/Desktop/SDK_PARROT/out/arsdk-native/staging/usr/include/x86_64-apple-darwin -isystem/Users/nicolassalleron/Desktop/SDK_PARROT/out/arsdk-native/staging/usr/include  -O2  -m64 -lc++ -arch x86_64 -mmacosx-version-min=10.10 -isysroot /Library/Developer/CommandLineTools/SDKs/MacOSX.sdk  -L/Users/nicolassalleron/Desktop/SDK_PARROT/out/arsdk-native/staging/lib/x86_64-apple-darwin -L/Users/nicolassalleron/Desktop/SDK_PARROT/out/arsdk-native/staging/lib -L/Users/nicolassalleron/Desktop/SDK_PARROT/out/arsdk-native/staging/usr/lib/x86_64-apple-darwin -L/Users/nicolassalleron/Desktop/SDK_PARROT/out/arsdk-native/staging/usr/lib   -Qunused-arguments conftest.c  >&5
ld: warning: directory not found for option '-L/Users/nicolassalleron/Desktop/SDK_PARROT/out/arsdk-native/staging/lib/x86_64-apple-darwin'
ld: warning: directory not found for option '-L/Users/nicolassalleron/Desktop/SDK_PARROT/out/arsdk-native/staging/lib'
ld: warning: directory not found for option '-L/Users/nicolassalleron/Desktop/SDK_PARROT/out/arsdk-native/staging/usr/lib/x86_64-apple-darwin'
configure:12831: $? = 0
configure:12831: result: yes
configure:12831: checking for explicit_bzero
configure:12831:  /Library/Developer/CommandLineTools/usr/bin/clang -o conftest -isystem/Users/nicolassalleron/Desktop/SDK_PARROT/out/arsdk-native/staging/usr/include/x86_64-apple-darwin -isystem/Users/nicolassalleron/Desktop/SDK_PARROT/out/arsdk-native/staging/usr/include -std=gnu99 -pipe -O2 -g -ffunction-sections -DALCHEMY_BUILD  -m64 -fPIC -msse -msse2 -mssse3 -arch x86_64 -mmacosx-version-min=10.10 -isysroot /Library/Developer/CommandLineTools/SDKs/MacOSX.sdk  -Qunused-arguments -Wall -std=gnu99  -fno-strict-overflow -D_FORTIFY_SOURCE=2 -fstack-protector-strong  -Qunused-arguments -Wno-pointer-sign -isystem/Users/nicolassalleron/Desktop/SDK_PARROT/out/arsdk-native/staging/usr/include/x86_64-apple-darwin -isystem/Users/nicolassalleron/Desktop/SDK_PARROT/out/arsdk-native/staging/usr/include  -O2  -m64 -lc++ -arch x86_64 -mmacosx-version-min=10.10 -isysroot /Library/Developer/CommandLineTools/SDKs/MacOSX.sdk  -L/Users/nicolassalleron/Desktop/SDK_PARROT/out/arsdk-native/staging/lib/x86_64-apple-darwin -L/Users/nicolassalleron/Desktop/SDK_PARROT/out/arsdk-native/staging/lib -L/Users/nicolassalleron/Desktop/SDK_PARROT/out/arsdk-native/staging/usr/lib/x86_64-apple-darwin -L/Users/nicolassalleron/Desktop/SDK_PARROT/out/arsdk-native/staging/usr/lib   -Qunused-arguments conftest.c  >&5
ld: warning: directory not found for option '-L/Users/nicolassalleron/Desktop/SDK_PARROT/out/arsdk-native/staging/lib/x86_64-apple-darwin'
ld: warning: directory not found for option '-L/Users/nicolassalleron/Desktop/SDK_PARROT/out/arsdk-native/staging/lib'
ld: warning: directory not found for option '-L/Users/nicolassalleron/Desktop/SDK_PARROT/out/arsdk-native/staging/usr/lib/x86_64-apple-darwin'
Undefined symbols for architecture x86_64:
  "_explicit_bzero", referenced from:
      _main in conftest-fcf714.o
ld: symbol(s) not found for architecture x86_64
clang: error: linker command failed with exit code 1 (use -v to see invocation)
configure:12831: $? = 1
configure: failed program was:
| /* confdefs.h */
| #define PACKAGE_NAME "libressl"
| #define PACKAGE_TARNAME "libressl"
| #define PACKAGE_VERSION "2.2.1"
| #define PACKAGE_STRING "libressl 2.2.1"
| #define PACKAGE_BUGREPORT ""
| #define PACKAGE_URL ""
| #define PACKAGE "libressl"
| #define VERSION "2.2.1"
| #define STDC_HEADERS 1
| #define HAVE_SYS_TYPES_H 1
| #define HAVE_SYS_STAT_H 1
| #define HAVE_STDLIB_H 1
| #define HAVE_STRING_H 1
| #define HAVE_MEMORY_H 1
| #define HAVE_STRINGS_H 1
| #define HAVE_INTTYPES_H 1
| #define HAVE_STDINT_H 1
| #define HAVE_UNISTD_H 1
| #define HAVE_DLFCN_H 1
| #define LT_OBJDIR ".libs/"
| #define HAVE_SYMLINK 1
| #define HAVE_ASPRINTF 1
| #define HAVE_INET_PTON 1
| #define HAVE_MEMMEM 1
| #define HAVE_POLL 1
| #define HAVE_STRLCAT 1
| #define HAVE_STRLCPY 1
| #define HAVE_STRNDUP 1
| #define HAVE_STRNLEN 1
| #define HAVE_STRSEP 1
| #define HAVE_ARC4RANDOM_BUF 1
| /* end confdefs.h.  */
| /* Define explicit_bzero to an innocuous variant, in case <limits.h> declares explicit_bzero.
|    For example, HP-UX 11i <limits.h> declares gettimeofday.  */
| #define explicit_bzero innocuous_explicit_bzero
| 
| /* System header to define __stub macros and hopefully few prototypes,
|     which can conflict with char explicit_bzero (); below.
|     Prefer <limits.h> to <assert.h> if __STDC__ is defined, since
|     <limits.h> exists even on freestanding compilers.  */
| 
| #ifdef __STDC__
| # include <limits.h>
| #else
| # include <assert.h>
| #endif
| 
| #undef explicit_bzero
| 
| /* Override any GCC internal prototype to avoid an error.
|    Use char because int might match the return type of a GCC
|    builtin and then its argument prototype would still apply.  */
| #ifdef __cplusplus
| extern "C"
| #endif
| char explicit_bzero ();
| /* The GNU C library defines this for functions which it implements
|     to always fail with ENOSYS.  Some functions are actually named
|     something starting with __ and the normal name is an alias.  */
| #if defined __stub_explicit_bzero || defined __stub___explicit_bzero
| choke me
| #endif
| 
| int
| main ()
| {
| return explicit_bzero ();
|   ;
|   return 0;
| }
configure:12831: result: no
configure:12831: checking for getauxval
configure:12831:  /Library/Developer/CommandLineTools/usr/bin/clang -o conftest -isystem/Users/nicolassalleron/Desktop/SDK_PARROT/out/arsdk-native/staging/usr/include/x86_64-apple-darwin -isystem/Users/nicolassalleron/Desktop/SDK_PARROT/out/arsdk-native/staging/usr/include -std=gnu99 -pipe -O2 -g -ffunction-sections -DALCHEMY_BUILD  -m64 -fPIC -msse -msse2 -mssse3 -arch x86_64 -mmacosx-version-min=10.10 -isysroot /Library/Developer/CommandLineTools/SDKs/MacOSX.sdk  -Qunused-arguments -Wall -std=gnu99  -fno-strict-overflow -D_FORTIFY_SOURCE=2 -fstack-protector-strong  -Qunused-arguments -Wno-pointer-sign -isystem/Users/nicolassalleron/Desktop/SDK_PARROT/out/arsdk-native/staging/usr/include/x86_64-apple-darwin -isystem/Users/nicolassalleron/Desktop/SDK_PARROT/out/arsdk-native/staging/usr/include  -O2  -m64 -lc++ -arch x86_64 -mmacosx-version-min=10.10 -isysroot /Library/Developer/CommandLineTools/SDKs/MacOSX.sdk  -L/Users/nicolassalleron/Desktop/SDK_PARROT/out/arsdk-native/staging/lib/x86_64-apple-darwin -L/Users/nicolassalleron/Desktop/SDK_PARROT/out/arsdk-native/staging/lib -L/Users/nicolassalleron/Desktop/SDK_PARROT/out/arsdk-native/staging/usr/lib/x86_64-apple-darwin -L/Users/nicolassalleron/Desktop/SDK_PARROT/out/arsdk-native/staging/usr/lib   -Qunused-arguments conftest.c  >&5
ld: warning: directory not found for option '-L/Users/nicolassalleron/Desktop/SDK_PARROT/out/arsdk-native/staging/lib/x86_64-apple-darwin'
ld: warning: directory not found for option '-L/Users/nicolassalleron/Desktop/SDK_PARROT/out/arsdk-native/staging/lib'
ld: warning: directory not found for option '-L/Users/nicolassalleron/Desktop/SDK_PARROT/out/arsdk-native/staging/usr/lib/x86_64-apple-darwin'
Undefined symbols for architecture x86_64:
  "_getauxval", referenced from:
      _main in conftest-5eb036.o
ld: symbol(s) not found for architecture x86_64
clang: error: linker command failed with exit code 1 (use -v to see invocation)
configure:12831: $? = 1
configure: failed program was:
| /* confdefs.h */
| #define PACKAGE_NAME "libressl"
| #define PACKAGE_TARNAME "libressl"
| #define PACKAGE_VERSION "2.2.1"
| #define PACKAGE_STRING "libressl 2.2.1"
| #define PACKAGE_BUGREPORT ""
| #define PACKAGE_URL ""
| #define PACKAGE "libressl"
| #define VERSION "2.2.1"
| #define STDC_HEADERS 1
| #define HAVE_SYS_TYPES_H 1
| #define HAVE_SYS_STAT_H 1
| #define HAVE_STDLIB_H 1
| #define HAVE_STRING_H 1
| #define HAVE_MEMORY_H 1
| #define HAVE_STRINGS_H 1
| #define HAVE_INTTYPES_H 1
| #define HAVE_STDINT_H 1
| #define HAVE_UNISTD_H 1
| #define HAVE_DLFCN_H 1
| #define LT_OBJDIR ".libs/"
| #define HAVE_SYMLINK 1
| #define HAVE_ASPRINTF 1
| #define HAVE_INET_PTON 1
| #define HAVE_MEMMEM 1
| #define HAVE_POLL 1
| #define HAVE_STRLCAT 1
| #define HAVE_STRLCPY 1
| #define HAVE_STRNDUP 1
| #define HAVE_STRNLEN 1
| #define HAVE_STRSEP 1
| #define HAVE_ARC4RANDOM_BUF 1
| /* end confdefs.h.  */
| /* Define getauxval to an innocuous variant, in case <limits.h> declares getauxval.
|    For example, HP-UX 11i <limits.h> declares gettimeofday.  */
| #define getauxval innocuous_getauxval
| 
| /* System header to define __stub macros and hopefully few prototypes,
|     which can conflict with char getauxval (); below.
|     Prefer <limits.h> to <assert.h> if __STDC__ is defined, since
|     <limits.h> exists even on freestanding compilers.  */
| 
| #ifdef __STDC__
| # include <limits.h>
| #else
| # include <assert.h>
| #endif
| 
| #undef getauxval
| 
| /* Override any GCC internal prototype to avoid an error.
|    Use char because int might match the return type of a GCC
|    builtin and then its argument prototype would still apply.  */
| #ifdef __cplusplus
| extern "C"
| #endif
| char getauxval ();
| /* The GNU C library defines this for functions which it implements
|     to always fail with ENOSYS.  Some functions are actually named
|     something starting with __ and the normal name is an alias.  */
| #if defined __stub_getauxval || defined __stub___getauxval
| choke me
| #endif
| 
| int
| main ()
| {
| return getauxval ();
|   ;
|   return 0;
| }
configure:12831: result: no
configure:12831: checking for getentropy
configure:12831:  /Library/Developer/CommandLineTools/usr/bin/clang -o conftest -isystem/Users/nicolassalleron/Desktop/SDK_PARROT/out/arsdk-native/staging/usr/include/x86_64-apple-darwin -isystem/Users/nicolassalleron/Desktop/SDK_PARROT/out/arsdk-native/staging/usr/include -std=gnu99 -pipe -O2 -g -ffunction-sections -DALCHEMY_BUILD  -m64 -fPIC -msse -msse2 -mssse3 -arch x86_64 -mmacosx-version-min=10.10 -isysroot /Library/Developer/CommandLineTools/SDKs/MacOSX.sdk  -Qunused-arguments -Wall -std=gnu99  -fno-strict-overflow -D_FORTIFY_SOURCE=2 -fstack-protector-strong  -Qunused-arguments -Wno-pointer-sign -isystem/Users/nicolassalleron/Desktop/SDK_PARROT/out/arsdk-native/staging/usr/include/x86_64-apple-darwin -isystem/Users/nicolassalleron/Desktop/SDK_PARROT/out/arsdk-native/staging/usr/include  -O2  -m64 -lc++ -arch x86_64 -mmacosx-version-min=10.10 -isysroot /Library/Developer/CommandLineTools/SDKs/MacOSX.sdk  -L/Users/nicolassalleron/Desktop/SDK_PARROT/out/arsdk-native/staging/lib/x86_64-apple-darwin -L/Users/nicolassalleron/Desktop/SDK_PARROT/out/arsdk-native/staging/lib -L/Users/nicolassalleron/Desktop/SDK_PARROT/out/arsdk-native/staging/usr/lib/x86_64-apple-darwin -L/Users/nicolassalleron/Desktop/SDK_PARROT/out/arsdk-native/staging/usr/lib   -Qunused-arguments conftest.c  >&5
ld: warning: directory not found for option '-L/Users/nicolassalleron/Desktop/SDK_PARROT/out/arsdk-native/staging/lib/x86_64-apple-darwin'
ld: warning: directory not found for option '-L/Users/nicolassalleron/Desktop/SDK_PARROT/out/arsdk-native/staging/lib'
ld: warning: directory not found for option '-L/Users/nicolassalleron/Desktop/SDK_PARROT/out/arsdk-native/staging/usr/lib/x86_64-apple-darwin'
configure:12831: $? = 0
configure:12831: result: yes
configure:12843: checking for timingsafe_bcmp
configure:12843:  /Library/Developer/CommandLineTools/usr/bin/clang -o conftest -isystem/Users/nicolassalleron/Desktop/SDK_PARROT/out/arsdk-native/staging/usr/include/x86_64-apple-darwin -isystem/Users/nicolassalleron/Desktop/SDK_PARROT/out/arsdk-native/staging/usr/include -std=gnu99 -pipe -O2 -g -ffunction-sections -DALCHEMY_BUILD  -m64 -fPIC -msse -msse2 -mssse3 -arch x86_64 -mmacosx-version-min=10.10 -isysroot /Library/Developer/CommandLineTools/SDKs/MacOSX.sdk  -Qunused-arguments -Wall -std=gnu99  -fno-strict-overflow -D_FORTIFY_SOURCE=2 -fstack-protector-strong  -Qunused-arguments -Wno-pointer-sign -isystem/Users/nicolassalleron/Desktop/SDK_PARROT/out/arsdk-native/staging/usr/include/x86_64-apple-darwin -isystem/Users/nicolassalleron/Desktop/SDK_PARROT/out/arsdk-native/staging/usr/include  -O2  -m64 -lc++ -arch x86_64 -mmacosx-version-min=10.10 -isysroot /Library/Developer/CommandLineTools/SDKs/MacOSX.sdk  -L/Users/nicolassalleron/Desktop/SDK_PARROT/out/arsdk-native/staging/lib/x86_64-apple-darwin -L/Users/nicolassalleron/Desktop/SDK_PARROT/out/arsdk-native/staging/lib -L/Users/nicolassalleron/Desktop/SDK_PARROT/out/arsdk-native/staging/usr/lib/x86_64-apple-darwin -L/Users/nicolassalleron/Desktop/SDK_PARROT/out/arsdk-native/staging/usr/lib   -Qunused-arguments conftest.c  >&5
ld: warning: directory not found for option '-L/Users/nicolassalleron/Desktop/SDK_PARROT/out/arsdk-native/staging/lib/x86_64-apple-darwin'
ld: warning: directory not found for option '-L/Users/nicolassalleron/Desktop/SDK_PARROT/out/arsdk-native/staging/lib'
ld: warning: directory not found for option '-L/Users/nicolassalleron/Desktop/SDK_PARROT/out/arsdk-native/staging/usr/lib/x86_64-apple-darwin'
configure:12843: $? = 0
configure:12843: result: yes
configure:12843: checking for timingsafe_memcmp
configure:12843:  /Library/Developer/CommandLineTools/usr/bin/clang -o conftest -isystem/Users/nicolassalleron/Desktop/SDK_PARROT/out/arsdk-native/staging/usr/include/x86_64-apple-darwin -isystem/Users/nicolassalleron/Desktop/SDK_PARROT/out/arsdk-native/staging/usr/include -std=gnu99 -pipe -O2 -g -ffunction-sections -DALCHEMY_BUILD  -m64 -fPIC -msse -msse2 -mssse3 -arch x86_64 -mmacosx-version-min=10.10 -isysroot /Library/Developer/CommandLineTools/SDKs/MacOSX.sdk  -Qunused-arguments -Wall -std=gnu99  -fno-strict-overflow -D_FORTIFY_SOURCE=2 -fstack-protector-strong  -Qunused-arguments -Wno-pointer-sign -isystem/Users/nicolassalleron/Desktop/SDK_PARROT/out/arsdk-native/staging/usr/include/x86_64-apple-darwin -isystem/Users/nicolassalleron/Desktop/SDK_PARROT/out/arsdk-native/staging/usr/include  -O2  -m64 -lc++ -arch x86_64 -mmacosx-version-min=10.10 -isysroot /Library/Developer/CommandLineTools/SDKs/MacOSX.sdk  -L/Users/nicolassalleron/Desktop/SDK_PARROT/out/arsdk-native/staging/lib/x86_64-apple-darwin -L/Users/nicolassalleron/Desktop/SDK_PARROT/out/arsdk-native/staging/lib -L/Users/nicolassalleron/Desktop/SDK_PARROT/out/arsdk-native/staging/usr/lib/x86_64-apple-darwin -L/Users/nicolassalleron/Desktop/SDK_PARROT/out/arsdk-native/staging/usr/lib   -Qunused-arguments conftest.c  >&5
ld: warning: directory not found for option '-L/Users/nicolassalleron/Desktop/SDK_PARROT/out/arsdk-native/staging/lib/x86_64-apple-darwin'
ld: warning: directory not found for option '-L/Users/nicolassalleron/Desktop/SDK_PARROT/out/arsdk-native/staging/lib'
ld: warning: directory not found for option '-L/Users/nicolassalleron/Desktop/SDK_PARROT/out/arsdk-native/staging/usr/lib/x86_64-apple-darwin'
Undefined symbols for architecture x86_64:
  "_timingsafe_memcmp", referenced from:
      _main in conftest-b31ce8.o
ld: symbol(s) not found for architecture x86_64
clang: error: linker command failed with exit code 1 (use -v to see invocation)
configure:12843: $? = 1
configure: failed program was:
| /* confdefs.h */
| #define PACKAGE_NAME "libressl"
| #define PACKAGE_TARNAME "libressl"
| #define PACKAGE_VERSION "2.2.1"
| #define PACKAGE_STRING "libressl 2.2.1"
| #define PACKAGE_BUGREPORT ""
| #define PACKAGE_URL ""
| #define PACKAGE "libressl"
| #define VERSION "2.2.1"
| #define STDC_HEADERS 1
| #define HAVE_SYS_TYPES_H 1
| #define HAVE_SYS_STAT_H 1
| #define HAVE_STDLIB_H 1
| #define HAVE_STRING_H 1
| #define HAVE_MEMORY_H 1
| #define HAVE_STRINGS_H 1
| #define HAVE_INTTYPES_H 1
| #define HAVE_STDINT_H 1
| #define HAVE_UNISTD_H 1
| #define HAVE_DLFCN_H 1
| #define LT_OBJDIR ".libs/"
| #define HAVE_SYMLINK 1
| #define HAVE_ASPRINTF 1
| #define HAVE_INET_PTON 1
| #define HAVE_MEMMEM 1
| #define HAVE_POLL 1
| #define HAVE_STRLCAT 1
| #define HAVE_STRLCPY 1
| #define HAVE_STRNDUP 1
| #define HAVE_STRNLEN 1
| #define HAVE_STRSEP 1
| #define HAVE_ARC4RANDOM_BUF 1
| #define HAVE_GETENTROPY 1
| #define HAVE_TIMINGSAFE_BCMP 1
| /* end confdefs.h.  */
| /* Define timingsafe_memcmp to an innocuous variant, in case <limits.h> declares timingsafe_memcmp.
|    For example, HP-UX 11i <limits.h> declares gettimeofday.  */
| #define timingsafe_memcmp innocuous_timingsafe_memcmp
| 
| /* System header to define __stub macros and hopefully few prototypes,
|     which can conflict with char timingsafe_memcmp (); below.
|     Prefer <limits.h> to <assert.h> if __STDC__ is defined, since
|     <limits.h> exists even on freestanding compilers.  */
| 
| #ifdef __STDC__
| # include <limits.h>
| #else
| # include <assert.h>
| #endif
| 
| #undef timingsafe_memcmp
| 
| /* Override any GCC internal prototype to avoid an error.
|    Use char because int might match the return type of a GCC
|    builtin and then its argument prototype would still apply.  */
| #ifdef __cplusplus
| extern "C"
| #endif
| char timingsafe_memcmp ();
| /* The GNU C library defines this for functions which it implements
|     to always fail with ENOSYS.  Some functions are actually named
|     something starting with __ and the normal name is an alias.  */
| #if defined __stub_timingsafe_memcmp || defined __stub___timingsafe_memcmp
| choke me
| #endif
| 
| int
| main ()
| {
| return timingsafe_memcmp ();
|   ;
|   return 0;
| }
configure:12843: result: no
configure:12894: checking for getauxval
configure:12894: result: no
configure:12899: checking for clock_gettime
configure:12899:  /Library/Developer/CommandLineTools/usr/bin/clang -o conftest -isystem/Users/nicolassalleron/Desktop/SDK_PARROT/out/arsdk-native/staging/usr/include/x86_64-apple-darwin -isystem/Users/nicolassalleron/Desktop/SDK_PARROT/out/arsdk-native/staging/usr/include -std=gnu99 -pipe -O2 -g -ffunction-sections -DALCHEMY_BUILD  -m64 -fPIC -msse -msse2 -mssse3 -arch x86_64 -mmacosx-version-min=10.10 -isysroot /Library/Developer/CommandLineTools/SDKs/MacOSX.sdk  -Qunused-arguments -Wall -std=gnu99  -fno-strict-overflow -D_FORTIFY_SOURCE=2 -fstack-protector-strong  -Qunused-arguments -Wno-pointer-sign -isystem/Users/nicolassalleron/Desktop/SDK_PARROT/out/arsdk-native/staging/usr/include/x86_64-apple-darwin -isystem/Users/nicolassalleron/Desktop/SDK_PARROT/out/arsdk-native/staging/usr/include  -O2  -m64 -lc++ -arch x86_64 -mmacosx-version-min=10.10 -isysroot /Library/Developer/CommandLineTools/SDKs/MacOSX.sdk  -L/Users/nicolassalleron/Desktop/SDK_PARROT/out/arsdk-native/staging/lib/x86_64-apple-darwin -L/Users/nicolassalleron/Desktop/SDK_PARROT/out/arsdk-native/staging/lib -L/Users/nicolassalleron/Desktop/SDK_PARROT/out/arsdk-native/staging/usr/lib/x86_64-apple-darwin -L/Users/nicolassalleron/Desktop/SDK_PARROT/out/arsdk-native/staging/usr/lib   -Qunused-arguments conftest.c  >&5
ld: warning: directory not found for option '-L/Users/nicolassalleron/Desktop/SDK_PARROT/out/arsdk-native/staging/lib/x86_64-apple-darwin'
ld: warning: directory not found for option '-L/Users/nicolassalleron/Desktop/SDK_PARROT/out/arsdk-native/staging/lib'
ld: warning: directory not found for option '-L/Users/nicolassalleron/Desktop/SDK_PARROT/out/arsdk-native/staging/usr/lib/x86_64-apple-darwin'
configure:12899: $? = 0
configure:12899: result: yes
configure:12961: checking for dl_iterate_phdr
configure:12961:  /Library/Developer/CommandLineTools/usr/bin/clang -o conftest -isystem/Users/nicolassalleron/Desktop/SDK_PARROT/out/arsdk-native/staging/usr/include/x86_64-apple-darwin -isystem/Users/nicolassalleron/Desktop/SDK_PARROT/out/arsdk-native/staging/usr/include -std=gnu99 -pipe -O2 -g -ffunction-sections -DALCHEMY_BUILD  -m64 -fPIC -msse -msse2 -mssse3 -arch x86_64 -mmacosx-version-min=10.10 -isysroot /Library/Developer/CommandLineTools/SDKs/MacOSX.sdk  -Qunused-arguments -Wall -std=gnu99  -fno-strict-overflow -D_FORTIFY_SOURCE=2 -fstack-protector-strong  -Qunused-arguments -Wno-pointer-sign -isystem/Users/nicolassalleron/Desktop/SDK_PARROT/out/arsdk-native/staging/usr/include/x86_64-apple-darwin -isystem/Users/nicolassalleron/Desktop/SDK_PARROT/out/arsdk-native/staging/usr/include  -O2  -m64 -lc++ -arch x86_64 -mmacosx-version-min=10.10 -isysroot /Library/Developer/CommandLineTools/SDKs/MacOSX.sdk  -L/Users/nicolassalleron/Desktop/SDK_PARROT/out/arsdk-native/staging/lib/x86_64-apple-darwin -L/Users/nicolassalleron/Desktop/SDK_PARROT/out/arsdk-native/staging/lib -L/Users/nicolassalleron/Desktop/SDK_PARROT/out/arsdk-native/staging/usr/lib/x86_64-apple-darwin -L/Users/nicolassalleron/Desktop/SDK_PARROT/out/arsdk-native/staging/usr/lib   -Qunused-arguments conftest.c  >&5
ld: warning: directory not found for option '-L/Users/nicolassalleron/Desktop/SDK_PARROT/out/arsdk-native/staging/lib/x86_64-apple-darwin'
ld: warning: directory not found for option '-L/Users/nicolassalleron/Desktop/SDK_PARROT/out/arsdk-native/staging/lib'
ld: warning: directory not found for option '-L/Users/nicolassalleron/Desktop/SDK_PARROT/out/arsdk-native/staging/usr/lib/x86_64-apple-darwin'
Undefined symbols for architecture x86_64:
  "_dl_iterate_phdr", referenced from:
      _main in conftest-0be617.o
ld: symbol(s) not found for architecture x86_64
clang: error: linker command failed with exit code 1 (use -v to see invocation)
configure:12961: $? = 1
configure: failed program was:
| /* confdefs.h */
| #define PACKAGE_NAME "libressl"
| #define PACKAGE_TARNAME "libressl"
| #define PACKAGE_VERSION "2.2.1"
| #define PACKAGE_STRING "libressl 2.2.1"
| #define PACKAGE_BUGREPORT ""
| #define PACKAGE_URL ""
| #define PACKAGE "libressl"
| #define VERSION "2.2.1"
| #define STDC_HEADERS 1
| #define HAVE_SYS_TYPES_H 1
| #define HAVE_SYS_STAT_H 1
| #define HAVE_STDLIB_H 1
| #define HAVE_STRING_H 1
| #define HAVE_MEMORY_H 1
| #define HAVE_STRINGS_H 1
| #define HAVE_INTTYPES_H 1
| #define HAVE_STDINT_H 1
| #define HAVE_UNISTD_H 1
| #define HAVE_DLFCN_H 1
| #define LT_OBJDIR ".libs/"
| #define HAVE_SYMLINK 1
| #define HAVE_ASPRINTF 1
| #define HAVE_INET_PTON 1
| #define HAVE_MEMMEM 1
| #define HAVE_POLL 1
| #define HAVE_STRLCAT 1
| #define HAVE_STRLCPY 1
| #define HAVE_STRNDUP 1
| #define HAVE_STRNLEN 1
| #define HAVE_STRSEP 1
| #define HAVE_ARC4RANDOM_BUF 1
| #define HAVE_GETENTROPY 1
| #define HAVE_TIMINGSAFE_BCMP 1
| /* end confdefs.h.  */
| /* Define dl_iterate_phdr to an innocuous variant, in case <limits.h> declares dl_iterate_phdr.
|    For example, HP-UX 11i <limits.h> declares gettimeofday.  */
| #define dl_iterate_phdr innocuous_dl_iterate_phdr
| 
| /* System header to define __stub macros and hopefully few prototypes,
|     which can conflict with char dl_iterate_phdr (); below.
|     Prefer <limits.h> to <assert.h> if __STDC__ is defined, since
|     <limits.h> exists even on freestanding compilers.  */
| 
| #ifdef __STDC__
| # include <limits.h>
| #else
| # include <assert.h>
| #endif
| 
| #undef dl_iterate_phdr
| 
| /* Override any GCC internal prototype to avoid an error.
|    Use char because int might match the return type of a GCC
|    builtin and then its argument prototype would still apply.  */
| #ifdef __cplusplus
| extern "C"
| #endif
| char dl_iterate_phdr ();
| /* The GNU C library defines this for functions which it implements
|     to always fail with ENOSYS.  Some functions are actually named
|     something starting with __ and the normal name is an alias.  */
| #if defined __stub_dl_iterate_phdr || defined __stub___dl_iterate_phdr
| choke me
| #endif
| 
| int
| main ()
| {
| return dl_iterate_phdr ();
|   ;
|   return 0;
| }
configure:12961: result: no
configure:12965: checking for library containing dl_iterate_phdr
configure:12996:  /Library/Developer/CommandLineTools/usr/bin/clang -o conftest -isystem/Users/nicolassalleron/Desktop/SDK_PARROT/out/arsdk-native/staging/usr/include/x86_64-apple-darwin -isystem/Users/nicolassalleron/Desktop/SDK_PARROT/out/arsdk-native/staging/usr/include -std=gnu99 -pipe -O2 -g -ffunction-sections -DALCHEMY_BUILD  -m64 -fPIC -msse -msse2 -mssse3 -arch x86_64 -mmacosx-version-min=10.10 -isysroot /Library/Developer/CommandLineTools/SDKs/MacOSX.sdk  -Qunused-arguments -Wall -std=gnu99  -fno-strict-overflow -D_FORTIFY_SOURCE=2 -fstack-protector-strong  -Qunused-arguments -Wno-pointer-sign -isystem/Users/nicolassalleron/Desktop/SDK_PARROT/out/arsdk-native/staging/usr/include/x86_64-apple-darwin -isystem/Users/nicolassalleron/Desktop/SDK_PARROT/out/arsdk-native/staging/usr/include  -O2  -m64 -lc++ -arch x86_64 -mmacosx-version-min=10.10 -isysroot /Library/Developer/CommandLineTools/SDKs/MacOSX.sdk  -L/Users/nicolassalleron/Desktop/SDK_PARROT/out/arsdk-native/staging/lib/x86_64-apple-darwin -L/Users/nicolassalleron/Desktop/SDK_PARROT/out/arsdk-native/staging/lib -L/Users/nicolassalleron/Desktop/SDK_PARROT/out/arsdk-native/staging/usr/lib/x86_64-apple-darwin -L/Users/nicolassalleron/Desktop/SDK_PARROT/out/arsdk-native/staging/usr/lib   -Qunused-arguments conftest.c  >&5
ld: warning: directory not found for option '-L/Users/nicolassalleron/Desktop/SDK_PARROT/out/arsdk-native/staging/lib/x86_64-apple-darwin'
ld: warning: directory not found for option '-L/Users/nicolassalleron/Desktop/SDK_PARROT/out/arsdk-native/staging/lib'
ld: warning: directory not found for option '-L/Users/nicolassalleron/Desktop/SDK_PARROT/out/arsdk-native/staging/usr/lib/x86_64-apple-darwin'
Undefined symbols for architecture x86_64:
  "_dl_iterate_phdr", referenced from:
      _main in conftest-a7f297.o
ld: symbol(s) not found for architecture x86_64
clang: error: linker command failed with exit code 1 (use -v to see invocation)
configure:12996: $? = 1
configure: failed program was:
| /* confdefs.h */
| #define PACKAGE_NAME "libressl"
| #define PACKAGE_TARNAME "libressl"
| #define PACKAGE_VERSION "2.2.1"
| #define PACKAGE_STRING "libressl 2.2.1"
| #define PACKAGE_BUGREPORT ""
| #define PACKAGE_URL ""
| #define PACKAGE "libressl"
| #define VERSION "2.2.1"
| #define STDC_HEADERS 1
| #define HAVE_SYS_TYPES_H 1
| #define HAVE_SYS_STAT_H 1
| #define HAVE_STDLIB_H 1
| #define HAVE_STRING_H 1
| #define HAVE_MEMORY_H 1
| #define HAVE_STRINGS_H 1
| #define HAVE_INTTYPES_H 1
| #define HAVE_STDINT_H 1
| #define HAVE_UNISTD_H 1
| #define HAVE_DLFCN_H 1
| #define LT_OBJDIR ".libs/"
| #define HAVE_SYMLINK 1
| #define HAVE_ASPRINTF 1
| #define HAVE_INET_PTON 1
| #define HAVE_MEMMEM 1
| #define HAVE_POLL 1
| #define HAVE_STRLCAT 1
| #define HAVE_STRLCPY 1
| #define HAVE_STRNDUP 1
| #define HAVE_STRNLEN 1
| #define HAVE_STRSEP 1
| #define HAVE_ARC4RANDOM_BUF 1
| #define HAVE_GETENTROPY 1
| #define HAVE_TIMINGSAFE_BCMP 1
| /* end confdefs.h.  */
| 
| /* Override any GCC internal prototype to avoid an error.
|    Use char because int might match the return type of a GCC
|    builtin and then its argument prototype would still apply.  */
| #ifdef __cplusplus
| extern "C"
| #endif
| char dl_iterate_phdr ();
| int
| main ()
| {
| return dl_iterate_phdr ();
|   ;
|   return 0;
| }
configure:12996:  /Library/Developer/CommandLineTools/usr/bin/clang -o conftest -isystem/Users/nicolassalleron/Desktop/SDK_PARROT/out/arsdk-native/staging/usr/include/x86_64-apple-darwin -isystem/Users/nicolassalleron/Desktop/SDK_PARROT/out/arsdk-native/staging/usr/include -std=gnu99 -pipe -O2 -g -ffunction-sections -DALCHEMY_BUILD  -m64 -fPIC -msse -msse2 -mssse3 -arch x86_64 -mmacosx-version-min=10.10 -isysroot /Library/Developer/CommandLineTools/SDKs/MacOSX.sdk  -Qunused-arguments -Wall -std=gnu99  -fno-strict-overflow -D_FORTIFY_SOURCE=2 -fstack-protector-strong  -Qunused-arguments -Wno-pointer-sign -isystem/Users/nicolassalleron/Desktop/SDK_PARROT/out/arsdk-native/staging/usr/include/x86_64-apple-darwin -isystem/Users/nicolassalleron/Desktop/SDK_PARROT/out/arsdk-native/staging/usr/include  -O2  -m64 -lc++ -arch x86_64 -mmacosx-version-min=10.10 -isysroot /Library/Developer/CommandLineTools/SDKs/MacOSX.sdk  -L/Users/nicolassalleron/Desktop/SDK_PARROT/out/arsdk-native/staging/lib/x86_64-apple-darwin -L/Users/nicolassalleron/Desktop/SDK_PARROT/out/arsdk-native/staging/lib -L/Users/nicolassalleron/Desktop/SDK_PARROT/out/arsdk-native/staging/usr/lib/x86_64-apple-darwin -L/Users/nicolassalleron/Desktop/SDK_PARROT/out/arsdk-native/staging/usr/lib   -Qunused-arguments conftest.c -ldl   >&5
ld: warning: directory not found for option '-L/Users/nicolassalleron/Desktop/SDK_PARROT/out/arsdk-native/staging/lib/x86_64-apple-darwin'
ld: warning: directory not found for option '-L/Users/nicolassalleron/Desktop/SDK_PARROT/out/arsdk-native/staging/lib'
ld: warning: directory not found for option '-L/Users/nicolassalleron/Desktop/SDK_PARROT/out/arsdk-native/staging/usr/lib/x86_64-apple-darwin'
Undefined symbols for architecture x86_64:
  "_dl_iterate_phdr", referenced from:
      _main in conftest-648e46.o
ld: symbol(s) not found for architecture x86_64
clang: error: linker command failed with exit code 1 (use -v to see invocation)
configure:12996: $? = 1
configure: failed program was:
| /* confdefs.h */
| #define PACKAGE_NAME "libressl"
| #define PACKAGE_TARNAME "libressl"
| #define PACKAGE_VERSION "2.2.1"
| #define PACKAGE_STRING "libressl 2.2.1"
| #define PACKAGE_BUGREPORT ""
| #define PACKAGE_URL ""
| #define PACKAGE "libressl"
| #define VERSION "2.2.1"
| #define STDC_HEADERS 1
| #define HAVE_SYS_TYPES_H 1
| #define HAVE_SYS_STAT_H 1
| #define HAVE_STDLIB_H 1
| #define HAVE_STRING_H 1
| #define HAVE_MEMORY_H 1
| #define HAVE_STRINGS_H 1
| #define HAVE_INTTYPES_H 1
| #define HAVE_STDINT_H 1
| #define HAVE_UNISTD_H 1
| #define HAVE_DLFCN_H 1
| #define LT_OBJDIR ".libs/"
| #define HAVE_SYMLINK 1
| #define HAVE_ASPRINTF 1
| #define HAVE_INET_PTON 1
| #define HAVE_MEMMEM 1
| #define HAVE_POLL 1
| #define HAVE_STRLCAT 1
| #define HAVE_STRLCPY 1
| #define HAVE_STRNDUP 1
| #define HAVE_STRNLEN 1
| #define HAVE_STRSEP 1
| #define HAVE_ARC4RANDOM_BUF 1
| #define HAVE_GETENTROPY 1
| #define HAVE_TIMINGSAFE_BCMP 1
| /* end confdefs.h.  */
| 
| /* Override any GCC internal prototype to avoid an error.
|    Use char because int might match the return type of a GCC
|    builtin and then its argument prototype would still apply.  */
| #ifdef __cplusplus
| extern "C"
| #endif
| char dl_iterate_phdr ();
| int
| main ()
| {
| return dl_iterate_phdr ();
|   ;
|   return 0;
| }
configure:13013: result: no
configure:13025: checking whether va_copy exists
configure:13045:  /Library/Developer/CommandLineTools/usr/bin/clang -o conftest -isystem/Users/nicolassalleron/Desktop/SDK_PARROT/out/arsdk-native/staging/usr/include/x86_64-apple-darwin -isystem/Users/nicolassalleron/Desktop/SDK_PARROT/out/arsdk-native/staging/usr/include -std=gnu99 -pipe -O2 -g -ffunction-sections -DALCHEMY_BUILD  -m64 -fPIC -msse -msse2 -mssse3 -arch x86_64 -mmacosx-version-min=10.10 -isysroot /Library/Developer/CommandLineTools/SDKs/MacOSX.sdk  -Qunused-arguments -Wall -std=gnu99  -fno-strict-overflow -D_FORTIFY_SOURCE=2 -fstack-protector-strong  -Qunused-arguments -Wno-pointer-sign -isystem/Users/nicolassalleron/Desktop/SDK_PARROT/out/arsdk-native/staging/usr/include/x86_64-apple-darwin -isystem/Users/nicolassalleron/Desktop/SDK_PARROT/out/arsdk-native/staging/usr/include  -O2  -m64 -lc++ -arch x86_64 -mmacosx-version-min=10.10 -isysroot /Library/Developer/CommandLineTools/SDKs/MacOSX.sdk  -L/Users/nicolassalleron/Desktop/SDK_PARROT/out/arsdk-native/staging/lib/x86_64-apple-darwin -L/Users/nicolassalleron/Desktop/SDK_PARROT/out/arsdk-native/staging/lib -L/Users/nicolassalleron/Desktop/SDK_PARROT/out/arsdk-native/staging/usr/lib/x86_64-apple-darwin -L/Users/nicolassalleron/Desktop/SDK_PARROT/out/arsdk-native/staging/usr/lib   -Qunused-arguments conftest.c  >&5
ld: warning: directory not found for option '-L/Users/nicolassalleron/Desktop/SDK_PARROT/out/arsdk-native/staging/lib/x86_64-apple-darwin'
ld: warning: directory not found for option '-L/Users/nicolassalleron/Desktop/SDK_PARROT/out/arsdk-native/staging/lib'
ld: warning: directory not found for option '-L/Users/nicolassalleron/Desktop/SDK_PARROT/out/arsdk-native/staging/usr/lib/x86_64-apple-darwin'
configure:13045: $? = 0
configure:13055: result: yes
configure:13063: checking whether __va_copy exists
configure:13083:  /Library/Developer/CommandLineTools/usr/bin/clang -o conftest -isystem/Users/nicolassalleron/Desktop/SDK_PARROT/out/arsdk-native/staging/usr/include/x86_64-apple-darwin -isystem/Users/nicolassalleron/Desktop/SDK_PARROT/out/arsdk-native/staging/usr/include -std=gnu99 -pipe -O2 -g -ffunction-sections -DALCHEMY_BUILD  -m64 -fPIC -msse -msse2 -mssse3 -arch x86_64 -mmacosx-version-min=10.10 -isysroot /Library/Developer/CommandLineTools/SDKs/MacOSX.sdk  -Qunused-arguments -Wall -std=gnu99  -fno-strict-overflow -D_FORTIFY_SOURCE=2 -fstack-protector-strong  -Qunused-arguments -Wno-pointer-sign -isystem/Users/nicolassalleron/Desktop/SDK_PARROT/out/arsdk-native/staging/usr/include/x86_64-apple-darwin -isystem/Users/nicolassalleron/Desktop/SDK_PARROT/out/arsdk-native/staging/usr/include  -O2  -m64 -lc++ -arch x86_64 -mmacosx-version-min=10.10 -isysroot /Library/Developer/CommandLineTools/SDKs/MacOSX.sdk  -L/Users/nicolassalleron/Desktop/SDK_PARROT/out/arsdk-native/staging/lib/x86_64-apple-darwin -L/Users/nicolassalleron/Desktop/SDK_PARROT/out/arsdk-native/staging/lib -L/Users/nicolassalleron/Desktop/SDK_PARROT/out/arsdk-native/staging/usr/lib/x86_64-apple-darwin -L/Users/nicolassalleron/Desktop/SDK_PARROT/out/arsdk-native/staging/usr/lib   -Qunused-arguments conftest.c  >&5
ld: warning: directory not found for option '-L/Users/nicolassalleron/Desktop/SDK_PARROT/out/arsdk-native/staging/lib/x86_64-apple-darwin'
ld: warning: directory not found for option '-L/Users/nicolassalleron/Desktop/SDK_PARROT/out/arsdk-native/staging/lib'
ld: warning: directory not found for option '-L/Users/nicolassalleron/Desktop/SDK_PARROT/out/arsdk-native/staging/usr/lib/x86_64-apple-darwin'
configure:13083: $? = 0
configure:13093: result: yes
configure:13104: checking err.h usability
configure:13104:  /Library/Developer/CommandLineTools/usr/bin/clang -c -isystem/Users/nicolassalleron/Desktop/SDK_PARROT/out/arsdk-native/staging/usr/include/x86_64-apple-darwin -isystem/Users/nicolassalleron/Desktop/SDK_PARROT/out/arsdk-native/staging/usr/include -std=gnu99 -pipe -O2 -g -ffunction-sections -DALCHEMY_BUILD  -m64 -fPIC -msse -msse2 -mssse3 -arch x86_64 -mmacosx-version-min=10.10 -isysroot /Library/Developer/CommandLineTools/SDKs/MacOSX.sdk  -Qunused-arguments -Wall -std=gnu99  -fno-strict-overflow -D_FORTIFY_SOURCE=2 -fstack-protector-strong  -Qunused-arguments -Wno-pointer-sign -isystem/Users/nicolassalleron/Desktop/SDK_PARROT/out/arsdk-native/staging/usr/include/x86_64-apple-darwin -isystem/Users/nicolassalleron/Desktop/SDK_PARROT/out/arsdk-native/staging/usr/include conftest.c >&5
configure:13104: $? = 0
configure:13104: result: yes
configure:13104: checking err.h presence
configure:13104: /Library/Developer/CommandLineTools/usr/bin/cpp -isystem/Users/nicolassalleron/Desktop/SDK_PARROT/out/arsdk-native/staging/usr/include/x86_64-apple-darwin -isystem/Users/nicolassalleron/Desktop/SDK_PARROT/out/arsdk-native/staging/usr/include conftest.c
In file included from conftest.c:38:
In file included from /usr/include/err.h:70:
In file included from /usr/include/Availability.h:190:
/usr/include/AvailabilityInternal.h:22938:10: error: unterminated conditional directive
        #if __MAC_OS_X_VERSION_MIN_REQUIRED >= __MAC_10_12
         ^
/usr/include/AvailabilityInternal.h:22867:10: error: unterminated conditional directive
        #if __MAC_OS_X_VERSION_MIN_REQUIRED >= __MAC_10_11_4
         ^
/usr/include/AvailabilityInternal.h:22800:10: error: unterminated conditional directive
        #if __MAC_OS_X_VERSION_MIN_REQUIRED >= __MAC_10_11_3
         ^
/usr/include/AvailabilityInternal.h:22737:10: error: unterminated conditional directive
        #if __MAC_OS_X_VERSION_MIN_REQUIRED >= __MAC_10_11_2
         ^
/usr/include/AvailabilityInternal.h:22678:10: error: unterminated conditional directive
        #if __MAC_OS_X_VERSION_MIN_REQUIRED >= __MAC_10_11
         ^
/usr/include/AvailabilityInternal.h:22623:10: error: unterminated conditional directive
        #if __MAC_OS_X_VERSION_MIN_REQUIRED >= __MAC_10_10_3
         ^
/usr/include/AvailabilityInternal.h:22572:10: error: unterminated conditional directive
        #if __MAC_OS_X_VERSION_MIN_REQUIRED >= __MAC_10_10_2
         ^
/usr/include/AvailabilityInternal.h:22525:10: error: unterminated conditional directive
        #if __MAC_OS_X_VERSION_MIN_REQUIRED >= __MAC_10_10
         ^
/usr/include/AvailabilityInternal.h:22482:10: error: unterminated conditional directive
        #if __MAC_OS_X_VERSION_MIN_REQUIRED >= __MAC_10_9
         ^
/usr/include/AvailabilityInternal.h:22443:10: error: unterminated conditional directive
        #if __MAC_OS_X_VERSION_MIN_REQUIRED >= __MAC_10_8
         ^
/usr/include/AvailabilityInternal.h:22408:10: error: unterminated conditional directive
        #if __MAC_OS_X_VERSION_MIN_REQUIRED >= __MAC_10_7
         ^
/usr/include/AvailabilityInternal.h:22377:10: error: unterminated conditional directive
        #if __MAC_OS_X_VERSION_MIN_REQUIRED >= __MAC_10_6
         ^
/usr/include/AvailabilityInternal.h:22350:10: error: unterminated conditional directive
        #if __MAC_OS_X_VERSION_MIN_REQUIRED >= __MAC_10_5
         ^
/usr/include/AvailabilityInternal.h:22327:10: error: unterminated conditional directive
        #if __MAC_OS_X_VERSION_MIN_REQUIRED >= __MAC_10_4
         ^
/usr/include/AvailabilityInternal.h:22308:10: error: unterminated conditional directive
        #if __MAC_OS_X_VERSION_MIN_REQUIRED >= __MAC_10_3
         ^
/usr/include/AvailabilityInternal.h:22293:10: error: unterminated conditional directive
        #if __MAC_OS_X_VERSION_MIN_REQUIRED >= __MAC_10_2
         ^
/usr/include/AvailabilityInternal.h:22282:10: error: unterminated conditional directive
        #if __MAC_OS_X_VERSION_MIN_REQUIRED >= __MAC_10_1
         ^
/usr/include/AvailabilityInternal.h:30:2: error: unterminated conditional directive
#ifndef __AVAILABILITY_INTERNAL__
 ^
In file included from conftest.c:38:
In file included from /usr/include/err.h:70:
/usr/include/Availability.h:239:2: error: #else without #if
#else
 ^
fatal error: too many errors emitted, stopping now [-ferror-limit=]
20 errors generated.
configure:13104: $? = 1
configure: failed program was:
| /* confdefs.h */
| #define PACKAGE_NAME "libressl"
| #define PACKAGE_TARNAME "libressl"
| #define PACKAGE_VERSION "2.2.1"
| #define PACKAGE_STRING "libressl 2.2.1"
| #define PACKAGE_BUGREPORT ""
| #define PACKAGE_URL ""
| #define PACKAGE "libressl"
| #define VERSION "2.2.1"
| #define STDC_HEADERS 1
| #define HAVE_SYS_TYPES_H 1
| #define HAVE_SYS_STAT_H 1
| #define HAVE_STDLIB_H 1
| #define HAVE_STRING_H 1
| #define HAVE_MEMORY_H 1
| #define HAVE_STRINGS_H 1
| #define HAVE_INTTYPES_H 1
| #define HAVE_STDINT_H 1
| #define HAVE_UNISTD_H 1
| #define HAVE_DLFCN_H 1
| #define LT_OBJDIR ".libs/"
| #define HAVE_SYMLINK 1
| #define HAVE_ASPRINTF 1
| #define HAVE_INET_PTON 1
| #define HAVE_MEMMEM 1
| #define HAVE_POLL 1
| #define HAVE_STRLCAT 1
| #define HAVE_STRLCPY 1
| #define HAVE_STRNDUP 1
| #define HAVE_STRNLEN 1
| #define HAVE_STRSEP 1
| #define HAVE_ARC4RANDOM_BUF 1
| #define HAVE_GETENTROPY 1
| #define HAVE_TIMINGSAFE_BCMP 1
| #define HAVE_VA_COPY 1
| #define HAVE___VA_COPY 1
| /* end confdefs.h.  */
| #include <err.h>
configure:13104: result: no
configure:13104: WARNING: err.h: accepted by the compiler, rejected by the preprocessor!
configure:13104: WARNING: err.h: proceeding with the compiler's result
configure:13104: checking for err.h
configure:13104: result: yes
configure:13154: checking if BSWAP4 builds without __STRICT_ALIGNMENT
configure:13167:  /Library/Developer/CommandLineTools/usr/bin/clang -c -isystem/Users/nicolassalleron/Desktop/SDK_PARROT/out/arsdk-native/staging/usr/include/x86_64-apple-darwin -isystem/Users/nicolassalleron/Desktop/SDK_PARROT/out/arsdk-native/staging/usr/include -std=gnu99 -pipe -O2 -g -ffunction-sections -DALCHEMY_BUILD  -m64 -fPIC -msse -msse2 -mssse3 -arch x86_64 -mmacosx-version-min=10.10 -isysroot /Library/Developer/CommandLineTools/SDKs/MacOSX.sdk  -Qunused-arguments -Wall -std=gnu99  -fno-strict-overflow -D_FORTIFY_SOURCE=2 -fstack-protector-strong  -Qunused-arguments -Wno-pointer-sign -I./include -isystem/Users/nicolassalleron/Desktop/SDK_PARROT/out/arsdk-native/staging/usr/include/x86_64-apple-darwin -isystem/Users/nicolassalleron/Desktop/SDK_PARROT/out/arsdk-native/staging/usr/include conftest.c >&5
configure:13167: $? = 0
configure:13168: result: yes
configure:13372: checking that generated files are newer than configure
configure:13378: result: done
configure:13529: creating ./config.status

## ---------------------- ##
## Running config.status. ##
## ---------------------- ##

This file was extended by libressl config.status 2.2.1, which was
generated by GNU Autoconf 2.69.  Invocation command line was

  CONFIG_FILES    = 
  CONFIG_HEADERS  = 
  CONFIG_LINKS    = 
  CONFIG_COMMANDS = 
  $ ./config.status --quiet

on canalip308.canalip.upmc.fr

config.status:1096: creating Makefile
config.status:1096: creating include/Makefile
config.status:1096: creating include/openssl/Makefile
config.status:1096: creating crypto/Makefile
config.status:1096: creating ssl/Makefile
config.status:1096: creating tls/Makefile
config.status:1096: creating tests/Makefile
config.status:1096: creating apps/Makefile
config.status:1096: creating man/Makefile
config.status:1096: creating libcrypto.pc
config.status:1096: creating libssl.pc
config.status:1096: creating libtls.pc
config.status:1096: creating openssl.pc
config.status:1268: executing depfiles commands
config.status:1268: executing libtool commands

## ---------------- ##
## Cache variables. ##
## ---------------- ##

ac_cv_build=x86_64-apple-darwin16.5.0
ac_cv_c_compiler_gnu=yes
ac_cv_env_CCASFLAGS_set=
ac_cv_env_CCASFLAGS_value=
ac_cv_env_CCAS_set=
ac_cv_env_CCAS_value=
ac_cv_env_CC_set=set
ac_cv_env_CC_value=' /Library/Developer/CommandLineTools/usr/bin/clang'
ac_cv_env_CFLAGS_set=set
ac_cv_env_CFLAGS_value='-isystem/Users/nicolassalleron/Desktop/SDK_PARROT/out/arsdk-native/staging/usr/include/x86_64-apple-darwin -isystem/Users/nicolassalleron/Desktop/SDK_PARROT/out/arsdk-native/staging/usr/include -std=gnu99 -pipe -O2 -g -ffunction-sections -DALCHEMY_BUILD  -m64 -fPIC -msse -msse2 -mssse3 -arch x86_64 -mmacosx-version-min=10.10 -isysroot /Library/Developer/CommandLineTools/SDKs/MacOSX.sdk  -Qunused-arguments'
ac_cv_env_CPPFLAGS_set=set
ac_cv_env_CPPFLAGS_value='-isystem/Users/nicolassalleron/Desktop/SDK_PARROT/out/arsdk-native/staging/usr/include/x86_64-apple-darwin -isystem/Users/nicolassalleron/Desktop/SDK_PARROT/out/arsdk-native/staging/usr/include'
ac_cv_env_CPP_set=set
ac_cv_env_CPP_value=/Library/Developer/CommandLineTools/usr/bin/cpp
ac_cv_env_LDFLAGS_set=set
ac_cv_env_LDFLAGS_value=' -O2  -m64 -lc++ -arch x86_64 -mmacosx-version-min=10.10 -isysroot /Library/Developer/CommandLineTools/SDKs/MacOSX.sdk  -L/Users/nicolassalleron/Desktop/SDK_PARROT/out/arsdk-native/staging/lib/x86_64-apple-darwin -L/Users/nicolassalleron/Desktop/SDK_PARROT/out/arsdk-native/staging/lib -L/Users/nicolassalleron/Desktop/SDK_PARROT/out/arsdk-native/staging/usr/lib/x86_64-apple-darwin -L/Users/nicolassalleron/Desktop/SDK_PARROT/out/arsdk-native/staging/usr/lib '
ac_cv_env_LIBS_set=
ac_cv_env_LIBS_value=
ac_cv_env_build_alias_set=
ac_cv_env_build_alias_value=
ac_cv_env_host_alias_set=
ac_cv_env_host_alias_value=
ac_cv_env_target_alias_set=
ac_cv_env_target_alias_value=
ac_cv_func_arc4random_buf=yes
ac_cv_func_asprintf=yes
ac_cv_func_clock_gettime=yes
ac_cv_func_dl_iterate_phdr=no
ac_cv_func_explicit_bzero=no
ac_cv_func_funopen=yes
ac_cv_func_getauxval=no
ac_cv_func_getentropy=yes
ac_cv_func_inet_pton=yes
ac_cv_func_malloc_0_nonnull=yes
ac_cv_func_memmem=yes
ac_cv_func_poll=yes
ac_cv_func_realloc_0_nonnull=yes
ac_cv_func_reallocarray=no
ac_cv_func_strlcat=yes
ac_cv_func_strlcpy=yes
ac_cv_func_strndup=yes
ac_cv_func_strnlen=yes
ac_cv_func_strsep=yes
ac_cv_func_strtonum=no
ac_cv_func_symlink=yes
ac_cv_func_timingsafe_bcmp=yes
ac_cv_func_timingsafe_memcmp=no
ac_cv_have___va_copy=yes
ac_cv_have_va_copy=yes
ac_cv_header_dlfcn_h=yes
ac_cv_header_err_h=yes
ac_cv_header_inttypes_h=yes
ac_cv_header_memory_h=yes
ac_cv_header_stdc=yes
ac_cv_header_stdint_h=yes
ac_cv_header_stdlib_h=yes
ac_cv_header_string_h=yes
ac_cv_header_strings_h=yes
ac_cv_header_sys_stat_h=yes
ac_cv_header_sys_types_h=yes
ac_cv_header_unistd_h=yes
ac_cv_host=x86_64-apple-darwin16.5.0
ac_cv_objext=o
ac_cv_path_EGREP='/usr/bin/grep -E'
ac_cv_path_FGREP='/usr/bin/grep -F'
ac_cv_path_GREP=/usr/bin/grep
ac_cv_path_SED=/usr/local/bin/gsed
ac_cv_path_mkdir=/usr/local/bin/gmkdir
ac_cv_prog_AWK=awk
ac_cv_prog_CPP=/Library/Developer/CommandLineTools/usr/bin/cpp
ac_cv_prog_YACC=
ac_cv_prog_ac_ct_CC=' /Library/Developer/CommandLineTools/usr/bin/clang'
ac_cv_prog_ac_ct_DSYMUTIL=dsymutil
ac_cv_prog_ac_ct_LIPO=lipo
ac_cv_prog_ac_ct_MANIFEST_TOOL=:
ac_cv_prog_ac_ct_NMEDIT=nmedit
ac_cv_prog_ac_ct_OBJDUMP=objdump
ac_cv_prog_ac_ct_OTOOL=otool
ac_cv_prog_ac_ct_RANLIB=/Library/Developer/CommandLineTools/usr/bin/ranlib
ac_cv_prog_ac_ct_STRIP=/Library/Developer/CommandLineTools/usr/bin/strip
ac_cv_prog_cc_c89=
ac_cv_prog_cc_c99=
ac_cv_prog_cc_g=yes
ac_cv_prog_cc_stdc=
ac_cv_prog_make_make_set=yes
ac_cv_search_dl_iterate_phdr=no
am_cv_CCAS_dependencies_compiler_type=gcc3
am_cv_CC_dependencies_compiler_type=gcc3
am_cv_make_support_nested_variables=yes
am_cv_prog_cc_c_o=yes
lt_cv_apple_cc_single_mod=yes
lt_cv_ar_at_file=no
lt_cv_deplibs_check_method=pass_all
lt_cv_file_magic_cmd='$MAGIC_CMD'
lt_cv_file_magic_test_file=
lt_cv_ld_exported_symbols_list=yes
lt_cv_ld_force_load=yes
lt_cv_ld_reload_flag=-r
lt_cv_nm_interface='BSD nm'
lt_cv_objdir=.libs
lt_cv_path_LD=/Library/Developer/CommandLineTools/usr/bin/ld
lt_cv_path_NM=/Library/Developer/CommandLineTools/usr/bin/nm
lt_cv_path_mainfest_tool=no
lt_cv_prog_compiler_c_o=yes
lt_cv_prog_compiler_pic='-fno-common -DPIC'
lt_cv_prog_compiler_pic_works=yes
lt_cv_prog_compiler_rtti_exceptions=yes
lt_cv_prog_compiler_static_works=no
lt_cv_prog_gnu_ld=no
lt_cv_sharedlib_from_linklib_cmd='printf %s\n'
lt_cv_sys_global_symbol_pipe='sed -n -e '\''s/^.*[	 ]\([BCDEGRST][BCDEGRST]*\)[	 ][	 ]*_\([_A-Za-z][_A-Za-z0-9]*\)$/\1 _\2 \2/p'\'' | sed '\''/ __gnu_lto/d'\'''
lt_cv_sys_global_symbol_to_c_name_address='sed -n -e '\''s/^: \([^ ]*\)[ ]*$/  {\"\1\", (void *) 0},/p'\'' -e '\''s/^[BCDEGRST]* \([^ ]*\) \([^ ]*\)$/  {"\2", (void *) \&\2},/p'\'''
lt_cv_sys_global_symbol_to_c_name_address_lib_prefix='sed -n -e '\''s/^: \([^ ]*\)[ ]*$/  {\"\1\", (void *) 0},/p'\'' -e '\''s/^[BCDEGRST]* \([^ ]*\) \(lib[^ ]*\)$/  {"\2", (void *) \&\2},/p'\'' -e '\''s/^[BCDEGRST]* \([^ ]*\) \([^ ]*\)$/  {"lib\2", (void *) \&\2},/p'\'''
lt_cv_sys_global_symbol_to_cdecl='sed -n -e '\''s/^T .* \(.*\)$/extern int \1();/p'\'' -e '\''s/^[BCDEGRST]* .* \(.*\)$/extern char \1;/p'\'''
lt_cv_sys_max_cmd_len=196608
lt_cv_to_host_file_cmd=func_convert_file_noop
lt_cv_to_tool_file_cmd=func_convert_file_noop

## ----------------- ##
## Output variables. ##
## ----------------- ##

ACLOCAL='${SHELL} /Users/nicolassalleron/Desktop/SDK_PARROT/out/arsdk-native/build/libressl/libressl-2.2.1/missing aclocal-1.15'
AMDEPBACKSLASH='\'
AMDEP_FALSE='#'
AMDEP_TRUE=''
AMTAR='$${TAR-tar}'
AM_BACKSLASH='\'
AM_DEFAULT_V='$(AM_DEFAULT_VERBOSITY)'
AM_DEFAULT_VERBOSITY='0'
AM_V='$(V)'
AR='/Users/nicolassalleron/Desktop/SDK_PARROT/build/alchemy/scripts/darwin-ar /Library/Developer/CommandLineTools/usr/bin/ar'
AUTOCONF='${SHELL} /Users/nicolassalleron/Desktop/SDK_PARROT/out/arsdk-native/build/libressl/libressl-2.2.1/missing autoconf'
AUTOHEADER='${SHELL} /Users/nicolassalleron/Desktop/SDK_PARROT/out/arsdk-native/build/libressl/libressl-2.2.1/missing autoheader'
AUTOMAKE='${SHELL} /Users/nicolassalleron/Desktop/SDK_PARROT/out/arsdk-native/build/libressl/libressl-2.2.1/missing automake-1.15'
AWK='awk'
BUILD_CERTHASH_FALSE='#'
BUILD_CERTHASH_TRUE=''
CC=' /Library/Developer/CommandLineTools/usr/bin/clang'
CCAS=' /Library/Developer/CommandLineTools/usr/bin/clang'
CCASDEPMODE='depmode=gcc3'
CCASFLAGS='-isystem/Users/nicolassalleron/Desktop/SDK_PARROT/out/arsdk-native/staging/usr/include/x86_64-apple-darwin -isystem/Users/nicolassalleron/Desktop/SDK_PARROT/out/arsdk-native/staging/usr/include -std=gnu99 -pipe -O2 -g -ffunction-sections -DALCHEMY_BUILD  -m64 -fPIC -msse -msse2 -mssse3 -arch x86_64 -mmacosx-version-min=10.10 -isysroot /Library/Developer/CommandLineTools/SDKs/MacOSX.sdk  -Qunused-arguments -Wall -std=gnu99  -fno-strict-overflow -D_FORTIFY_SOURCE=2 -fstack-protector-strong '
CCDEPMODE='depmode=gcc3'
CFLAGS='-isystem/Users/nicolassalleron/Desktop/SDK_PARROT/out/arsdk-native/staging/usr/include/x86_64-apple-darwin -isystem/Users/nicolassalleron/Desktop/SDK_PARROT/out/arsdk-native/staging/usr/include -std=gnu99 -pipe -O2 -g -ffunction-sections -DALCHEMY_BUILD  -m64 -fPIC -msse -msse2 -mssse3 -arch x86_64 -mmacosx-version-min=10.10 -isysroot /Library/Developer/CommandLineTools/SDKs/MacOSX.sdk  -Qunused-arguments -Wall -std=gnu99  -fno-strict-overflow -D_FORTIFY_SOURCE=2 -fstack-protector-strong  -Qunused-arguments -Wno-pointer-sign'
CPP='/Library/Developer/CommandLineTools/usr/bin/cpp'
CPPFLAGS='-isystem/Users/nicolassalleron/Desktop/SDK_PARROT/out/arsdk-native/staging/usr/include/x86_64-apple-darwin -isystem/Users/nicolassalleron/Desktop/SDK_PARROT/out/arsdk-native/staging/usr/include'
CYGPATH_W='echo'
DEFS='-DPACKAGE_NAME=\"libressl\" -DPACKAGE_TARNAME=\"libressl\" -DPACKAGE_VERSION=\"2.2.1\" -DPACKAGE_STRING=\"libressl\ 2.2.1\" -DPACKAGE_BUGREPORT=\"\" -DPACKAGE_URL=\"\" -DPACKAGE=\"libressl\" -DVERSION=\"2.2.1\" -DSTDC_HEADERS=1 -DHAVE_SYS_TYPES_H=1 -DHAVE_SYS_STAT_H=1 -DHAVE_STDLIB_H=1 -DHAVE_STRING_H=1 -DHAVE_MEMORY_H=1 -DHAVE_STRINGS_H=1 -DHAVE_INTTYPES_H=1 -DHAVE_STDINT_H=1 -DHAVE_UNISTD_H=1 -DHAVE_DLFCN_H=1 -DLT_OBJDIR=\".libs/\" -DHAVE_SYMLINK=1 -DHAVE_ASPRINTF=1 -DHAVE_INET_PTON=1 -DHAVE_MEMMEM=1 -DHAVE_POLL=1 -DHAVE_STRLCAT=1 -DHAVE_STRLCPY=1 -DHAVE_STRNDUP=1 -DHAVE_STRNLEN=1 -DHAVE_STRSEP=1 -DHAVE_ARC4RANDOM_BUF=1 -DHAVE_GETENTROPY=1 -DHAVE_TIMINGSAFE_BCMP=1 -DHAVE_VA_COPY=1 -DHAVE___VA_COPY=1 -DHAVE_ERR_H=1'
DEPDIR='.deps'
DLLTOOL='false'
DSYMUTIL='dsymutil'
DUMPBIN=''
ECHO_C='\c'
ECHO_N=''
ECHO_T=''
EGREP='/usr/bin/grep -E'
ENABLE_EXTRATESTS_FALSE=''
ENABLE_EXTRATESTS_TRUE='#'
EXEEXT=''
FGREP='/usr/bin/grep -F'
GREP='/usr/bin/grep'
HAVE_ARC4RANDOM_BUF_FALSE='#'
HAVE_ARC4RANDOM_BUF_TRUE=''
HAVE_ASPRINTF_FALSE='#'
HAVE_ASPRINTF_TRUE=''
HAVE_EXPLICIT_BZERO_FALSE=''
HAVE_EXPLICIT_BZERO_TRUE='#'
HAVE_GETENTROPY_FALSE='#'
HAVE_GETENTROPY_TRUE=''
HAVE_INET_PTON_FALSE='#'
HAVE_INET_PTON_TRUE=''
HAVE_MEMMEM_FALSE='#'
HAVE_MEMMEM_TRUE=''
HAVE_POLL_FALSE='#'
HAVE_POLL_TRUE=''
HAVE_REALLOCARRAY_FALSE=''
HAVE_REALLOCARRAY_TRUE='#'
HAVE_STRLCAT_FALSE='#'
HAVE_STRLCAT_TRUE=''
HAVE_STRLCPY_FALSE='#'
HAVE_STRLCPY_TRUE=''
HAVE_STRNDUP_FALSE='#'
HAVE_STRNDUP_TRUE=''
HAVE_STRNLEN_FALSE='#'
HAVE_STRNLEN_TRUE=''
HAVE_STRSEP_FALSE='#'
HAVE_STRSEP_TRUE=''
HAVE_STRTONUM_FALSE=''
HAVE_STRTONUM_TRUE='#'
HAVE_TIMINGSAFE_BCMP_FALSE='#'
HAVE_TIMINGSAFE_BCMP_TRUE=''
HAVE_TIMINGSAFE_MEMCMP_FALSE=''
HAVE_TIMINGSAFE_MEMCMP_TRUE='#'
HOST_AIX_FALSE=''
HOST_AIX_TRUE='#'
HOST_ASM_ELF_X86_64_FALSE=''
HOST_ASM_ELF_X86_64_TRUE='#'
HOST_ASM_MACOSX_X86_64_FALSE='#'
HOST_ASM_MACOSX_X86_64_TRUE=''
HOST_CYGWIN_FALSE=''
HOST_CYGWIN_TRUE='#'
HOST_DARWIN_FALSE='#'
HOST_DARWIN_TRUE=''
HOST_FREEBSD_FALSE=''
HOST_FREEBSD_TRUE='#'
HOST_HPUX_FALSE=''
HOST_HPUX_TRUE='#'
HOST_LINUX_FALSE=''
HOST_LINUX_TRUE='#'
HOST_NETBSD_FALSE=''
HOST_NETBSD_TRUE='#'
HOST_SOLARIS_FALSE=''
HOST_SOLARIS_TRUE='#'
HOST_WIN_FALSE=''
HOST_WIN_TRUE='#'
INSTALL_DATA='${INSTALL} -m 644'
INSTALL_PROGRAM='${INSTALL}'
INSTALL_SCRIPT='${INSTALL}'
INSTALL_STRIP_PROGRAM='$(install_sh) -c -s'
LD='/Library/Developer/CommandLineTools/usr/bin/ld'
LDFLAGS=' -O2  -m64 -lc++ -arch x86_64 -mmacosx-version-min=10.10 -isysroot /Library/Developer/CommandLineTools/SDKs/MacOSX.sdk  -L/Users/nicolassalleron/Desktop/SDK_PARROT/out/arsdk-native/staging/lib/x86_64-apple-darwin -L/Users/nicolassalleron/Desktop/SDK_PARROT/out/arsdk-native/staging/lib -L/Users/nicolassalleron/Desktop/SDK_PARROT/out/arsdk-native/staging/usr/lib/x86_64-apple-darwin -L/Users/nicolassalleron/Desktop/SDK_PARROT/out/arsdk-native/staging/usr/lib   -Qunused-arguments'
LIBCRYPTO_VERSION='34:0:0'
LIBOBJS=''
LIBS=''
LIBSSL_VERSION='33:0:0'
LIBTLS_VERSION='4:0:0'
LIBTOOL='$(SHELL) $(top_builddir)/libtool'
LIPO='lipo'
LN_S='ln -s'
LTLIBOBJS=''
MAINT='#'
MAINTAINER_MODE_FALSE=''
MAINTAINER_MODE_TRUE='#'
MAKEINFO='${SHELL} /Users/nicolassalleron/Desktop/SDK_PARROT/out/arsdk-native/build/libressl/libressl-2.2.1/missing makeinfo'
MANIFEST_TOOL=':'
MKDIR_P='/usr/local/bin/gmkdir -p'
NM='/Library/Developer/CommandLineTools/usr/bin/nm'
NMEDIT='nmedit'
OBJDUMP='objdump'
OBJEXT='o'
OPENSSL_NO_ASM_FALSE=''
OPENSSL_NO_ASM_TRUE='#'
OTOOL64=':'
OTOOL='otool'
PACKAGE='libressl'
PACKAGE_BUGREPORT=''
PACKAGE_NAME='libressl'
PACKAGE_STRING='libressl 2.2.1'
PACKAGE_TARNAME='libressl'
PACKAGE_URL=''
PACKAGE_VERSION='2.2.1'
PATH_SEPARATOR=':'
PLATFORM_LDADD=''
PROG_LDADD=''
RANLIB='/Library/Developer/CommandLineTools/usr/bin/ranlib'
SED='/usr/local/bin/gsed'
SET_MAKE=''
SHELL='/bin/sh'
STRIP='/Library/Developer/CommandLineTools/usr/bin/strip'
VERSION='2.2.1'
ac_ct_AR=''
ac_ct_CC=' /Library/Developer/CommandLineTools/usr/bin/clang'
ac_ct_DUMPBIN=''
am__EXEEXT_FALSE=''
am__EXEEXT_TRUE='#'
am__fastdepCCAS_FALSE='#'
am__fastdepCCAS_TRUE=''
am__fastdepCC_FALSE='#'
am__fastdepCC_TRUE=''
am__include='include'
am__isrc=''
am__leading_dot='.'
am__nodep='_no'
am__quote=''
am__tar='$${TAR-tar} chof - "$$tardir"'
am__untar='$${TAR-tar} xf -'
bindir='${exec_prefix}/bin'
build='x86_64-apple-darwin16.5.0'
build_alias=''
build_cpu='x86_64'
build_os='darwin16.5.0'
build_vendor='apple'
datadir='${datarootdir}'
datarootdir='${prefix}/share'
docdir='${datarootdir}/doc/${PACKAGE_TARNAME}'
dvidir='${docdir}'
exec_prefix='${prefix}'
host='x86_64-apple-darwin16.5.0'
host_alias=''
host_cpu='x86_64'
host_os='darwin16.5.0'
host_vendor='apple'
htmldir='${docdir}'
includedir='${prefix}/include'
infodir='${datarootdir}/info'
install_sh='${SHELL} /Users/nicolassalleron/Desktop/SDK_PARROT/out/arsdk-native/build/libressl/libressl-2.2.1/install-sh'
libdir='${exec_prefix}/lib'
libexecdir='${exec_prefix}/libexec'
localedir='${datarootdir}/locale'
localstatedir='${prefix}/var'
mandir='${datarootdir}/man'
mkdir_p='$(MKDIR_P)'
oldincludedir='/usr/include'
pdfdir='${docdir}'
prefix='/Users/nicolassalleron/Desktop/SDK_PARROT/out/arsdk-native/staging/usr'
program_transform_name='s,x,x,'
psdir='${docdir}'
sbindir='${exec_prefix}/sbin'
sharedstatedir='${prefix}/com'
sysconfdir='/Users/nicolassalleron/Desktop/SDK_PARROT/out/arsdk-native/staging/etc'
target_alias=''

## ----------- ##
## confdefs.h. ##
## ----------- ##

/* confdefs.h */
#define PACKAGE_NAME "libressl"
#define PACKAGE_TARNAME "libressl"
#define PACKAGE_VERSION "2.2.1"
#define PACKAGE_STRING "libressl 2.2.1"
#define PACKAGE_BUGREPORT ""
#define PACKAGE_URL ""
#define PACKAGE "libressl"
#define VERSION "2.2.1"
#define STDC_HEADERS 1
#define HAVE_SYS_TYPES_H 1
#define HAVE_SYS_STAT_H 1
#define HAVE_STDLIB_H 1
#define HAVE_STRING_H 1
#define HAVE_MEMORY_H 1
#define HAVE_STRINGS_H 1
#define HAVE_INTTYPES_H 1
#define HAVE_STDINT_H 1
#define HAVE_UNISTD_H 1
#define HAVE_DLFCN_H 1
#define LT_OBJDIR ".libs/"
#define HAVE_SYMLINK 1
#define HAVE_ASPRINTF 1
#define HAVE_INET_PTON 1
#define HAVE_MEMMEM 1
#define HAVE_POLL 1
#define HAVE_STRLCAT 1
#define HAVE_STRLCPY 1
#define HAVE_STRNDUP 1
#define HAVE_STRNLEN 1
#define HAVE_STRSEP 1
#define HAVE_ARC4RANDOM_BUF 1
#define HAVE_GETENTROPY 1
#define HAVE_TIMINGSAFE_BCMP 1
#define HAVE_VA_COPY 1
#define HAVE___VA_COPY 1
#define HAVE_ERR_H 1

configure: exit 0
